<?xml version="1.0" encoding="UTF-8"?>
<Site BuildName="Linux-c++"
	BuildStamp="20180122-2022-Experimental"
	Name="nagas"
	Generator="ctest-3.9.6"
	CompilerName="/usr/bin/c++"
	CompilerVersion="5.4.0"
	OSName="Linux"
	Hostname="nagas"
	OSRelease="4.13.0-26-generic"
	OSVersion="#29~16.04.2-Ubuntu SMP Tue Jan 9 22:00:44 UTC 2018"
	OSPlatform="x86_64"
	Is64Bits="1"
	VendorString="GenuineIntel"
	VendorID="Intel Corporation"
	FamilyID="6"
	ModelID="158"
	ProcessorCacheSize="8192"
	NumberOfLogicalCPU="8"
	NumberOfPhysicalCPU="4"
	TotalVirtualMemory="32618"
	TotalPhysicalMemory="32020"
	LogicalProcessorsPerPhysical="2"
	ProcessorClockFrequency="2900.00"
	>
	<Coverage>
		<StartDateTime>Jan 22 15:22 EST</StartDateTime>
		<StartTime>1516652576</StartTime>
		<File Name="func.cpp" FullPath="./func_1/func.cpp" Covered="true">
			<LOCTested>1</LOCTested>
			<LOCUnTested>2</LOCUnTested>
			<PercentCoverage>33.33</PercentCoverage>
			<CoverageMetric>0.85</CoverageMetric>
		</File>
		<File Name="func.cpp" FullPath="./func_10/func.cpp" Covered="true">
			<LOCTested>3</LOCTested>
			<LOCUnTested>0</LOCUnTested>
			<PercentCoverage>100.00</PercentCoverage>
			<CoverageMetric>1.00</CoverageMetric>
		</File>
		<File Name="func.cpp" FullPath="./func_100/func.cpp" Covered="true">
			<LOCTested>3</LOCTested>
			<LOCUnTested>0</LOCUnTested>
			<PercentCoverage>100.00</PercentCoverage>
			<CoverageMetric>1.00</CoverageMetric>
		</File>
		<File Name="func.cpp" FullPath="./func_11/func.cpp" Covered="true">
			<LOCTested>1</LOCTested>
			<LOCUnTested>2</LOCUnTested>
			<PercentCoverage>33.33</PercentCoverage>
			<CoverageMetric>0.85</CoverageMetric>
		</File>
		<File Name="func.cpp" FullPath="./func_12/func.cpp" Covered="true">
			<LOCTested>3</LOCTested>
			<LOCUnTested>0</LOCUnTested>
			<PercentCoverage>100.00</PercentCoverage>
			<CoverageMetric>1.00</CoverageMetric>
		</File>
		<File Name="func.cpp" FullPath="./func_13/func.cpp" Covered="true">
			<LOCTested>1</LOCTested>
			<LOCUnTested>2</LOCUnTested>
			<PercentCoverage>33.33</PercentCoverage>
			<CoverageMetric>0.85</CoverageMetric>
		</File>
		<File Name="func.cpp" FullPath="./func_14/func.cpp" Covered="true">
			<LOCTested>3</LOCTested>
			<LOCUnTested>0</LOCUnTested>
			<PercentCoverage>100.00</PercentCoverage>
			<CoverageMetric>1.00</CoverageMetric>
		</File>
		<File Name="func.cpp" FullPath="./func_15/func.cpp" Covered="true">
			<LOCTested>1</LOCTested>
			<LOCUnTested>2</LOCUnTested>
			<PercentCoverage>33.33</PercentCoverage>
			<CoverageMetric>0.85</CoverageMetric>
		</File>
		<File Name="func.cpp" FullPath="./func_16/func.cpp" Covered="true">
			<LOCTested>3</LOCTested>
			<LOCUnTested>0</LOCUnTested>
			<PercentCoverage>100.00</PercentCoverage>
			<CoverageMetric>1.00</CoverageMetric>
		</File>
		<File Name="func.cpp" FullPath="./func_17/func.cpp" Covered="true">
			<LOCTested>1</LOCTested>
			<LOCUnTested>2</LOCUnTested>
			<PercentCoverage>33.33</PercentCoverage>
			<CoverageMetric>0.85</CoverageMetric>
		</File>
		<File Name="func.cpp" FullPath="./func_18/func.cpp" Covered="true">
			<LOCTested>3</LOCTested>
			<LOCUnTested>0</LOCUnTested>
			<PercentCoverage>100.00</PercentCoverage>
			<CoverageMetric>1.00</CoverageMetric>
		</File>
		<File Name="func.cpp" FullPath="./func_19/func.cpp" Covered="true">
			<LOCTested>1</LOCTested>
			<LOCUnTested>2</LOCUnTested>
			<PercentCoverage>33.33</PercentCoverage>
			<CoverageMetric>0.85</CoverageMetric>
		</File>
		<File Name="func.cpp" FullPath="./func_2/func.cpp" Covered="true">
			<LOCTested>3</LOCTested>
			<LOCUnTested>0</LOCUnTested>
			<PercentCoverage>100.00</PercentCoverage>
			<CoverageMetric>1.00</CoverageMetric>
		</File>
		<File Name="func.cpp" FullPath="./func_20/func.cpp" Covered="true">
			<LOCTested>3</LOCTested>
			<LOCUnTested>0</LOCUnTested>
			<PercentCoverage>100.00</PercentCoverage>
			<CoverageMetric>1.00</CoverageMetric>
		</File>
		<File Name="func.cpp" FullPath="./func_21/func.cpp" Covered="true">
			<LOCTested>1</LOCTested>
			<LOCUnTested>2</LOCUnTested>
			<PercentCoverage>33.33</PercentCoverage>
			<CoverageMetric>0.85</CoverageMetric>
		</File>
		<File Name="func.cpp" FullPath="./func_22/func.cpp" Covered="true">
			<LOCTested>3</LOCTested>
			<LOCUnTested>0</LOCUnTested>
			<PercentCoverage>100.00</PercentCoverage>
			<CoverageMetric>1.00</CoverageMetric>
		</File>
		<File Name="func.cpp" FullPath="./func_23/func.cpp" Covered="true">
			<LOCTested>1</LOCTested>
			<LOCUnTested>2</LOCUnTested>
			<PercentCoverage>33.33</PercentCoverage>
			<CoverageMetric>0.85</CoverageMetric>
		</File>
		<File Name="func.cpp" FullPath="./func_24/func.cpp" Covered="true">
			<LOCTested>3</LOCTested>
			<LOCUnTested>0</LOCUnTested>
			<PercentCoverage>100.00</PercentCoverage>
			<CoverageMetric>1.00</CoverageMetric>
		</File>
		<File Name="func.cpp" FullPath="./func_25/func.cpp" Covered="true">
			<LOCTested>1</LOCTested>
			<LOCUnTested>2</LOCUnTested>
			<PercentCoverage>33.33</PercentCoverage>
			<CoverageMetric>0.85</CoverageMetric>
		</File>
		<File Name="func.cpp" FullPath="./func_26/func.cpp" Covered="true">
			<LOCTested>3</LOCTested>
			<LOCUnTested>0</LOCUnTested>
			<PercentCoverage>100.00</PercentCoverage>
			<CoverageMetric>1.00</CoverageMetric>
		</File>
		<File Name="func.cpp" FullPath="./func_27/func.cpp" Covered="true">
			<LOCTested>1</LOCTested>
			<LOCUnTested>2</LOCUnTested>
			<PercentCoverage>33.33</PercentCoverage>
			<CoverageMetric>0.85</CoverageMetric>
		</File>
		<File Name="func.cpp" FullPath="./func_28/func.cpp" Covered="true">
			<LOCTested>3</LOCTested>
			<LOCUnTested>0</LOCUnTested>
			<PercentCoverage>100.00</PercentCoverage>
			<CoverageMetric>1.00</CoverageMetric>
		</File>
		<File Name="func.cpp" FullPath="./func_29/func.cpp" Covered="true">
			<LOCTested>1</LOCTested>
			<LOCUnTested>2</LOCUnTested>
			<PercentCoverage>33.33</PercentCoverage>
			<CoverageMetric>0.85</CoverageMetric>
		</File>
		<File Name="func.cpp" FullPath="./func_3/func.cpp" Covered="true">
			<LOCTested>1</LOCTested>
			<LOCUnTested>2</LOCUnTested>
			<PercentCoverage>33.33</PercentCoverage>
			<CoverageMetric>0.85</CoverageMetric>
		</File>
		<File Name="func.cpp" FullPath="./func_30/func.cpp" Covered="true">
			<LOCTested>3</LOCTested>
			<LOCUnTested>0</LOCUnTested>
			<PercentCoverage>100.00</PercentCoverage>
			<CoverageMetric>1.00</CoverageMetric>
		</File>
		<File Name="func.cpp" FullPath="./func_31/func.cpp" Covered="true">
			<LOCTested>1</LOCTested>
			<LOCUnTested>2</LOCUnTested>
			<PercentCoverage>33.33</PercentCoverage>
			<CoverageMetric>0.85</CoverageMetric>
		</File>
		<File Name="func.cpp" FullPath="./func_32/func.cpp" Covered="true">
			<LOCTested>3</LOCTested>
			<LOCUnTested>0</LOCUnTested>
			<PercentCoverage>100.00</PercentCoverage>
			<CoverageMetric>1.00</CoverageMetric>
		</File>
		<File Name="func.cpp" FullPath="./func_33/func.cpp" Covered="true">
			<LOCTested>1</LOCTested>
			<LOCUnTested>2</LOCUnTested>
			<PercentCoverage>33.33</PercentCoverage>
			<CoverageMetric>0.85</CoverageMetric>
		</File>
		<File Name="func.cpp" FullPath="./func_34/func.cpp" Covered="true">
			<LOCTested>3</LOCTested>
			<LOCUnTested>0</LOCUnTested>
			<PercentCoverage>100.00</PercentCoverage>
			<CoverageMetric>1.00</CoverageMetric>
		</File>
		<File Name="func.cpp" FullPath="./func_35/func.cpp" Covered="true">
			<LOCTested>1</LOCTested>
			<LOCUnTested>2</LOCUnTested>
			<PercentCoverage>33.33</PercentCoverage>
			<CoverageMetric>0.85</CoverageMetric>
		</File>
		<File Name="func.cpp" FullPath="./func_36/func.cpp" Covered="true">
			<LOCTested>3</LOCTested>
			<LOCUnTested>0</LOCUnTested>
			<PercentCoverage>100.00</PercentCoverage>
			<CoverageMetric>1.00</CoverageMetric>
		</File>
		<File Name="func.cpp" FullPath="./func_37/func.cpp" Covered="true">
			<LOCTested>1</LOCTested>
			<LOCUnTested>2</LOCUnTested>
			<PercentCoverage>33.33</PercentCoverage>
			<CoverageMetric>0.85</CoverageMetric>
		</File>
		<File Name="func.cpp" FullPath="./func_38/func.cpp" Covered="true">
			<LOCTested>3</LOCTested>
			<LOCUnTested>0</LOCUnTested>
			<PercentCoverage>100.00</PercentCoverage>
			<CoverageMetric>1.00</CoverageMetric>
		</File>
		<File Name="func.cpp" FullPath="./func_39/func.cpp" Covered="true">
			<LOCTested>1</LOCTested>
			<LOCUnTested>2</LOCUnTested>
			<PercentCoverage>33.33</PercentCoverage>
			<CoverageMetric>0.85</CoverageMetric>
		</File>
		<File Name="func.cpp" FullPath="./func_4/func.cpp" Covered="true">
			<LOCTested>3</LOCTested>
			<LOCUnTested>0</LOCUnTested>
			<PercentCoverage>100.00</PercentCoverage>
			<CoverageMetric>1.00</CoverageMetric>
		</File>
		<File Name="func.cpp" FullPath="./func_40/func.cpp" Covered="true">
			<LOCTested>3</LOCTested>
			<LOCUnTested>0</LOCUnTested>
			<PercentCoverage>100.00</PercentCoverage>
			<CoverageMetric>1.00</CoverageMetric>
		</File>
		<File Name="func.cpp" FullPath="./func_41/func.cpp" Covered="true">
			<LOCTested>1</LOCTested>
			<LOCUnTested>2</LOCUnTested>
			<PercentCoverage>33.33</PercentCoverage>
			<CoverageMetric>0.85</CoverageMetric>
		</File>
		<File Name="func.cpp" FullPath="./func_42/func.cpp" Covered="true">
			<LOCTested>3</LOCTested>
			<LOCUnTested>0</LOCUnTested>
			<PercentCoverage>100.00</PercentCoverage>
			<CoverageMetric>1.00</CoverageMetric>
		</File>
		<File Name="func.cpp" FullPath="./func_43/func.cpp" Covered="true">
			<LOCTested>1</LOCTested>
			<LOCUnTested>2</LOCUnTested>
			<PercentCoverage>33.33</PercentCoverage>
			<CoverageMetric>0.85</CoverageMetric>
		</File>
		<File Name="func.cpp" FullPath="./func_44/func.cpp" Covered="true">
			<LOCTested>3</LOCTested>
			<LOCUnTested>0</LOCUnTested>
			<PercentCoverage>100.00</PercentCoverage>
			<CoverageMetric>1.00</CoverageMetric>
		</File>
		<File Name="func.cpp" FullPath="./func_45/func.cpp" Covered="true">
			<LOCTested>1</LOCTested>
			<LOCUnTested>2</LOCUnTested>
			<PercentCoverage>33.33</PercentCoverage>
			<CoverageMetric>0.85</CoverageMetric>
		</File>
		<File Name="func.cpp" FullPath="./func_46/func.cpp" Covered="true">
			<LOCTested>3</LOCTested>
			<LOCUnTested>0</LOCUnTested>
			<PercentCoverage>100.00</PercentCoverage>
			<CoverageMetric>1.00</CoverageMetric>
		</File>
		<File Name="func.cpp" FullPath="./func_47/func.cpp" Covered="true">
			<LOCTested>1</LOCTested>
			<LOCUnTested>2</LOCUnTested>
			<PercentCoverage>33.33</PercentCoverage>
			<CoverageMetric>0.85</CoverageMetric>
		</File>
		<File Name="func.cpp" FullPath="./func_48/func.cpp" Covered="true">
			<LOCTested>3</LOCTested>
			<LOCUnTested>0</LOCUnTested>
			<PercentCoverage>100.00</PercentCoverage>
			<CoverageMetric>1.00</CoverageMetric>
		</File>
		<File Name="func.cpp" FullPath="./func_49/func.cpp" Covered="true">
			<LOCTested>1</LOCTested>
			<LOCUnTested>2</LOCUnTested>
			<PercentCoverage>33.33</PercentCoverage>
			<CoverageMetric>0.85</CoverageMetric>
		</File>
		<File Name="func.cpp" FullPath="./func_5/func.cpp" Covered="true">
			<LOCTested>1</LOCTested>
			<LOCUnTested>2</LOCUnTested>
			<PercentCoverage>33.33</PercentCoverage>
			<CoverageMetric>0.85</CoverageMetric>
		</File>
		<File Name="func.cpp" FullPath="./func_50/func.cpp" Covered="true">
			<LOCTested>3</LOCTested>
			<LOCUnTested>0</LOCUnTested>
			<PercentCoverage>100.00</PercentCoverage>
			<CoverageMetric>1.00</CoverageMetric>
		</File>
		<File Name="func.cpp" FullPath="./func_51/func.cpp" Covered="true">
			<LOCTested>1</LOCTested>
			<LOCUnTested>2</LOCUnTested>
			<PercentCoverage>33.33</PercentCoverage>
			<CoverageMetric>0.85</CoverageMetric>
		</File>
		<File Name="func.cpp" FullPath="./func_52/func.cpp" Covered="true">
			<LOCTested>3</LOCTested>
			<LOCUnTested>0</LOCUnTested>
			<PercentCoverage>100.00</PercentCoverage>
			<CoverageMetric>1.00</CoverageMetric>
		</File>
		<File Name="func.cpp" FullPath="./func_53/func.cpp" Covered="true">
			<LOCTested>1</LOCTested>
			<LOCUnTested>2</LOCUnTested>
			<PercentCoverage>33.33</PercentCoverage>
			<CoverageMetric>0.85</CoverageMetric>
		</File>
		<File Name="func.cpp" FullPath="./func_54/func.cpp" Covered="true">
			<LOCTested>3</LOCTested>
			<LOCUnTested>0</LOCUnTested>
			<PercentCoverage>100.00</PercentCoverage>
			<CoverageMetric>1.00</CoverageMetric>
		</File>
		<File Name="func.cpp" FullPath="./func_55/func.cpp" Covered="true">
			<LOCTested>1</LOCTested>
			<LOCUnTested>2</LOCUnTested>
			<PercentCoverage>33.33</PercentCoverage>
			<CoverageMetric>0.85</CoverageMetric>
		</File>
		<File Name="func.cpp" FullPath="./func_56/func.cpp" Covered="true">
			<LOCTested>3</LOCTested>
			<LOCUnTested>0</LOCUnTested>
			<PercentCoverage>100.00</PercentCoverage>
			<CoverageMetric>1.00</CoverageMetric>
		</File>
		<File Name="func.cpp" FullPath="./func_57/func.cpp" Covered="true">
			<LOCTested>1</LOCTested>
			<LOCUnTested>2</LOCUnTested>
			<PercentCoverage>33.33</PercentCoverage>
			<CoverageMetric>0.85</CoverageMetric>
		</File>
		<File Name="func.cpp" FullPath="./func_58/func.cpp" Covered="true">
			<LOCTested>3</LOCTested>
			<LOCUnTested>0</LOCUnTested>
			<PercentCoverage>100.00</PercentCoverage>
			<CoverageMetric>1.00</CoverageMetric>
		</File>
		<File Name="func.cpp" FullPath="./func_59/func.cpp" Covered="true">
			<LOCTested>1</LOCTested>
			<LOCUnTested>2</LOCUnTested>
			<PercentCoverage>33.33</PercentCoverage>
			<CoverageMetric>0.85</CoverageMetric>
		</File>
		<File Name="func.cpp" FullPath="./func_6/func.cpp" Covered="true">
			<LOCTested>3</LOCTested>
			<LOCUnTested>0</LOCUnTested>
			<PercentCoverage>100.00</PercentCoverage>
			<CoverageMetric>1.00</CoverageMetric>
		</File>
		<File Name="func.cpp" FullPath="./func_60/func.cpp" Covered="true">
			<LOCTested>3</LOCTested>
			<LOCUnTested>0</LOCUnTested>
			<PercentCoverage>100.00</PercentCoverage>
			<CoverageMetric>1.00</CoverageMetric>
		</File>
		<File Name="func.cpp" FullPath="./func_61/func.cpp" Covered="true">
			<LOCTested>1</LOCTested>
			<LOCUnTested>2</LOCUnTested>
			<PercentCoverage>33.33</PercentCoverage>
			<CoverageMetric>0.85</CoverageMetric>
		</File>
		<File Name="func.cpp" FullPath="./func_62/func.cpp" Covered="true">
			<LOCTested>3</LOCTested>
			<LOCUnTested>0</LOCUnTested>
			<PercentCoverage>100.00</PercentCoverage>
			<CoverageMetric>1.00</CoverageMetric>
		</File>
		<File Name="func.cpp" FullPath="./func_63/func.cpp" Covered="true">
			<LOCTested>1</LOCTested>
			<LOCUnTested>2</LOCUnTested>
			<PercentCoverage>33.33</PercentCoverage>
			<CoverageMetric>0.85</CoverageMetric>
		</File>
		<File Name="func.cpp" FullPath="./func_64/func.cpp" Covered="true">
			<LOCTested>3</LOCTested>
			<LOCUnTested>0</LOCUnTested>
			<PercentCoverage>100.00</PercentCoverage>
			<CoverageMetric>1.00</CoverageMetric>
		</File>
		<File Name="func.cpp" FullPath="./func_65/func.cpp" Covered="true">
			<LOCTested>1</LOCTested>
			<LOCUnTested>2</LOCUnTested>
			<PercentCoverage>33.33</PercentCoverage>
			<CoverageMetric>0.85</CoverageMetric>
		</File>
		<File Name="func.cpp" FullPath="./func_66/func.cpp" Covered="true">
			<LOCTested>3</LOCTested>
			<LOCUnTested>0</LOCUnTested>
			<PercentCoverage>100.00</PercentCoverage>
			<CoverageMetric>1.00</CoverageMetric>
		</File>
		<File Name="func.cpp" FullPath="./func_67/func.cpp" Covered="true">
			<LOCTested>1</LOCTested>
			<LOCUnTested>2</LOCUnTested>
			<PercentCoverage>33.33</PercentCoverage>
			<CoverageMetric>0.85</CoverageMetric>
		</File>
		<File Name="func.cpp" FullPath="./func_68/func.cpp" Covered="true">
			<LOCTested>3</LOCTested>
			<LOCUnTested>0</LOCUnTested>
			<PercentCoverage>100.00</PercentCoverage>
			<CoverageMetric>1.00</CoverageMetric>
		</File>
		<File Name="func.cpp" FullPath="./func_69/func.cpp" Covered="true">
			<LOCTested>1</LOCTested>
			<LOCUnTested>2</LOCUnTested>
			<PercentCoverage>33.33</PercentCoverage>
			<CoverageMetric>0.85</CoverageMetric>
		</File>
		<File Name="func.cpp" FullPath="./func_7/func.cpp" Covered="true">
			<LOCTested>1</LOCTested>
			<LOCUnTested>2</LOCUnTested>
			<PercentCoverage>33.33</PercentCoverage>
			<CoverageMetric>0.85</CoverageMetric>
		</File>
		<File Name="func.cpp" FullPath="./func_70/func.cpp" Covered="true">
			<LOCTested>3</LOCTested>
			<LOCUnTested>0</LOCUnTested>
			<PercentCoverage>100.00</PercentCoverage>
			<CoverageMetric>1.00</CoverageMetric>
		</File>
		<File Name="func.cpp" FullPath="./func_71/func.cpp" Covered="true">
			<LOCTested>1</LOCTested>
			<LOCUnTested>2</LOCUnTested>
			<PercentCoverage>33.33</PercentCoverage>
			<CoverageMetric>0.85</CoverageMetric>
		</File>
		<File Name="func.cpp" FullPath="./func_72/func.cpp" Covered="true">
			<LOCTested>3</LOCTested>
			<LOCUnTested>0</LOCUnTested>
			<PercentCoverage>100.00</PercentCoverage>
			<CoverageMetric>1.00</CoverageMetric>
		</File>
		<File Name="func.cpp" FullPath="./func_73/func.cpp" Covered="true">
			<LOCTested>1</LOCTested>
			<LOCUnTested>2</LOCUnTested>
			<PercentCoverage>33.33</PercentCoverage>
			<CoverageMetric>0.85</CoverageMetric>
		</File>
		<File Name="func.cpp" FullPath="./func_74/func.cpp" Covered="true">
			<LOCTested>3</LOCTested>
			<LOCUnTested>0</LOCUnTested>
			<PercentCoverage>100.00</PercentCoverage>
			<CoverageMetric>1.00</CoverageMetric>
		</File>
		<File Name="func.cpp" FullPath="./func_75/func.cpp" Covered="true">
			<LOCTested>1</LOCTested>
			<LOCUnTested>2</LOCUnTested>
			<PercentCoverage>33.33</PercentCoverage>
			<CoverageMetric>0.85</CoverageMetric>
		</File>
		<File Name="func.cpp" FullPath="./func_76/func.cpp" Covered="true">
			<LOCTested>3</LOCTested>
			<LOCUnTested>0</LOCUnTested>
			<PercentCoverage>100.00</PercentCoverage>
			<CoverageMetric>1.00</CoverageMetric>
		</File>
		<File Name="func.cpp" FullPath="./func_77/func.cpp" Covered="true">
			<LOCTested>1</LOCTested>
			<LOCUnTested>2</LOCUnTested>
			<PercentCoverage>33.33</PercentCoverage>
			<CoverageMetric>0.85</CoverageMetric>
		</File>
		<File Name="func.cpp" FullPath="./func_78/func.cpp" Covered="true">
			<LOCTested>3</LOCTested>
			<LOCUnTested>0</LOCUnTested>
			<PercentCoverage>100.00</PercentCoverage>
			<CoverageMetric>1.00</CoverageMetric>
		</File>
		<File Name="func.cpp" FullPath="./func_79/func.cpp" Covered="true">
			<LOCTested>1</LOCTested>
			<LOCUnTested>2</LOCUnTested>
			<PercentCoverage>33.33</PercentCoverage>
			<CoverageMetric>0.85</CoverageMetric>
		</File>
		<File Name="func.cpp" FullPath="./func_8/func.cpp" Covered="true">
			<LOCTested>3</LOCTested>
			<LOCUnTested>0</LOCUnTested>
			<PercentCoverage>100.00</PercentCoverage>
			<CoverageMetric>1.00</CoverageMetric>
		</File>
		<File Name="func.cpp" FullPath="./func_80/func.cpp" Covered="true">
			<LOCTested>3</LOCTested>
			<LOCUnTested>0</LOCUnTested>
			<PercentCoverage>100.00</PercentCoverage>
			<CoverageMetric>1.00</CoverageMetric>
		</File>
		<File Name="func.cpp" FullPath="./func_81/func.cpp" Covered="true">
			<LOCTested>1</LOCTested>
			<LOCUnTested>2</LOCUnTested>
			<PercentCoverage>33.33</PercentCoverage>
			<CoverageMetric>0.85</CoverageMetric>
		</File>
		<File Name="func.cpp" FullPath="./func_82/func.cpp" Covered="true">
			<LOCTested>3</LOCTested>
			<LOCUnTested>0</LOCUnTested>
			<PercentCoverage>100.00</PercentCoverage>
			<CoverageMetric>1.00</CoverageMetric>
		</File>
		<File Name="func.cpp" FullPath="./func_83/func.cpp" Covered="true">
			<LOCTested>1</LOCTested>
			<LOCUnTested>2</LOCUnTested>
			<PercentCoverage>33.33</PercentCoverage>
			<CoverageMetric>0.85</CoverageMetric>
		</File>
		<File Name="func.cpp" FullPath="./func_84/func.cpp" Covered="true">
			<LOCTested>3</LOCTested>
			<LOCUnTested>0</LOCUnTested>
			<PercentCoverage>100.00</PercentCoverage>
			<CoverageMetric>1.00</CoverageMetric>
		</File>
		<File Name="func.cpp" FullPath="./func_85/func.cpp" Covered="true">
			<LOCTested>1</LOCTested>
			<LOCUnTested>2</LOCUnTested>
			<PercentCoverage>33.33</PercentCoverage>
			<CoverageMetric>0.85</CoverageMetric>
		</File>
		<File Name="func.cpp" FullPath="./func_86/func.cpp" Covered="true">
			<LOCTested>3</LOCTested>
			<LOCUnTested>0</LOCUnTested>
			<PercentCoverage>100.00</PercentCoverage>
			<CoverageMetric>1.00</CoverageMetric>
		</File>
		<File Name="func.cpp" FullPath="./func_87/func.cpp" Covered="true">
			<LOCTested>1</LOCTested>
			<LOCUnTested>2</LOCUnTested>
			<PercentCoverage>33.33</PercentCoverage>
			<CoverageMetric>0.85</CoverageMetric>
		</File>
		<File Name="func.cpp" FullPath="./func_88/func.cpp" Covered="true">
			<LOCTested>3</LOCTested>
			<LOCUnTested>0</LOCUnTested>
			<PercentCoverage>100.00</PercentCoverage>
			<CoverageMetric>1.00</CoverageMetric>
		</File>
		<File Name="func.cpp" FullPath="./func_89/func.cpp" Covered="true">
			<LOCTested>1</LOCTested>
			<LOCUnTested>2</LOCUnTested>
			<PercentCoverage>33.33</PercentCoverage>
			<CoverageMetric>0.85</CoverageMetric>
		</File>
		<File Name="func.cpp" FullPath="./func_9/func.cpp" Covered="true">
			<LOCTested>1</LOCTested>
			<LOCUnTested>2</LOCUnTested>
			<PercentCoverage>33.33</PercentCoverage>
			<CoverageMetric>0.85</CoverageMetric>
		</File>
		<File Name="func.cpp" FullPath="./func_90/func.cpp" Covered="true">
			<LOCTested>3</LOCTested>
			<LOCUnTested>0</LOCUnTested>
			<PercentCoverage>100.00</PercentCoverage>
			<CoverageMetric>1.00</CoverageMetric>
		</File>
		<File Name="func.cpp" FullPath="./func_91/func.cpp" Covered="true">
			<LOCTested>1</LOCTested>
			<LOCUnTested>2</LOCUnTested>
			<PercentCoverage>33.33</PercentCoverage>
			<CoverageMetric>0.85</CoverageMetric>
		</File>
		<File Name="func.cpp" FullPath="./func_92/func.cpp" Covered="true">
			<LOCTested>3</LOCTested>
			<LOCUnTested>0</LOCUnTested>
			<PercentCoverage>100.00</PercentCoverage>
			<CoverageMetric>1.00</CoverageMetric>
		</File>
		<File Name="func.cpp" FullPath="./func_93/func.cpp" Covered="true">
			<LOCTested>1</LOCTested>
			<LOCUnTested>2</LOCUnTested>
			<PercentCoverage>33.33</PercentCoverage>
			<CoverageMetric>0.85</CoverageMetric>
		</File>
		<File Name="func.cpp" FullPath="./func_94/func.cpp" Covered="true">
			<LOCTested>3</LOCTested>
			<LOCUnTested>0</LOCUnTested>
			<PercentCoverage>100.00</PercentCoverage>
			<CoverageMetric>1.00</CoverageMetric>
		</File>
		<File Name="func.cpp" FullPath="./func_95/func.cpp" Covered="true">
			<LOCTested>1</LOCTested>
			<LOCUnTested>2</LOCUnTested>
			<PercentCoverage>33.33</PercentCoverage>
			<CoverageMetric>0.85</CoverageMetric>
		</File>
		<File Name="func.cpp" FullPath="./func_96/func.cpp" Covered="true">
			<LOCTested>3</LOCTested>
			<LOCUnTested>0</LOCUnTested>
			<PercentCoverage>100.00</PercentCoverage>
			<CoverageMetric>1.00</CoverageMetric>
		</File>
		<File Name="func.cpp" FullPath="./func_97/func.cpp" Covered="true">
			<LOCTested>1</LOCTested>
			<LOCUnTested>2</LOCUnTested>
			<PercentCoverage>33.33</PercentCoverage>
			<CoverageMetric>0.85</CoverageMetric>
		</File>
		<File Name="func.cpp" FullPath="./func_98/func.cpp" Covered="true">
			<LOCTested>3</LOCTested>
			<LOCUnTested>0</LOCUnTested>
			<PercentCoverage>100.00</PercentCoverage>
			<CoverageMetric>1.00</CoverageMetric>
		</File>
		<File Name="func.cpp" FullPath="./func_99/func.cpp" Covered="true">
			<LOCTested>1</LOCTested>
			<LOCUnTested>2</LOCUnTested>
			<PercentCoverage>33.33</PercentCoverage>
			<CoverageMetric>0.85</CoverageMetric>
		</File>
		<File Name="main.cpp" FullPath="./main.cpp" Covered="true">
			<LOCTested>52</LOCTested>
			<LOCUnTested>0</LOCUnTested>
			<PercentCoverage>100.00</PercentCoverage>
			<CoverageMetric>1.00</CoverageMetric>
		</File>
		<LOCTested>252</LOCTested>
		<LOCUntested>100</LOCUntested>
		<LOC>352</LOC>
		<PercentCoverage>71.59</PercentCoverage>
		<EndDateTime>Jan 22 15:22 EST</EndDateTime>
		<EndTime>1516652576</EndTime>
		<ElapsedMinutes>0.00</ElapsedMinutes>
	</Coverage>
</Site>
