<?xml version="1.0" encoding="UTF-8"?>
<Site BuildName="Linux-c++"
	BuildStamp="20180122-2022-Experimental"
	Name="nagas"
	Generator="ctest-3.9.6"
	CompilerName="/usr/bin/c++"
	CompilerVersion="5.4.0"
	OSName="Linux"
	Hostname="nagas"
	OSRelease="4.13.0-26-generic"
	OSVersion="#29~16.04.2-Ubuntu SMP Tue Jan 9 22:00:44 UTC 2018"
	OSPlatform="x86_64"
	Is64Bits="1"
	VendorString="GenuineIntel"
	VendorID="Intel Corporation"
	FamilyID="6"
	ModelID="158"
	ProcessorCacheSize="8192"
	NumberOfLogicalCPU="8"
	NumberOfPhysicalCPU="4"
	TotalVirtualMemory="32618"
	TotalPhysicalMemory="32020"
	LogicalProcessorsPerPhysical="2"
	ProcessorClockFrequency="2900"
	>
	<CoverageLog>
		<StartDateTime>Jan 22 15:22 EST</StartDateTime>
		<StartTime>1516652576</StartTime>
		<File Name="func.cpp" FullPath="./func_1/func.cpp">
			<Report>
				<Line Number="0" Count="-1">#include "func.hpp"</Line>
				<Line Number="1" Count="-1"></Line>
				<Line Number="2" Count="-1">#include &lt;iostream&gt;</Line>
				<Line Number="3" Count="-1"></Line>
				<Line Number="4" Count="0">void func_1()</Line>
				<Line Number="5" Count="-1">{</Line>
				<Line Number="6" Count="0">  std::cout &lt;&lt; 1 &lt;&lt; std::endl;</Line>
				<Line Number="7" Count="3">}</Line>
			</Report>
		</File>
		<File Name="func.cpp" FullPath="./func_10/func.cpp">
			<Report>
				<Line Number="0" Count="-1">#include "func.hpp"</Line>
				<Line Number="1" Count="-1"></Line>
				<Line Number="2" Count="-1">#include &lt;iostream&gt;</Line>
				<Line Number="3" Count="-1"></Line>
				<Line Number="4" Count="1">void func_10()</Line>
				<Line Number="5" Count="-1">{</Line>
				<Line Number="6" Count="1">  std::cout &lt;&lt; 10 &lt;&lt; std::endl;</Line>
				<Line Number="7" Count="4">}</Line>
			</Report>
		</File>
		<File Name="func.cpp" FullPath="./func_100/func.cpp">
			<Report>
				<Line Number="0" Count="-1">#include "func.hpp"</Line>
				<Line Number="1" Count="-1"></Line>
				<Line Number="2" Count="-1">#include &lt;iostream&gt;</Line>
				<Line Number="3" Count="-1"></Line>
				<Line Number="4" Count="1">void func_100()</Line>
				<Line Number="5" Count="-1">{</Line>
				<Line Number="6" Count="1">  std::cout &lt;&lt; 100 &lt;&lt; std::endl;</Line>
				<Line Number="7" Count="4">}</Line>
			</Report>
		</File>
		<File Name="func.cpp" FullPath="./func_11/func.cpp">
			<Report>
				<Line Number="0" Count="-1">#include "func.hpp"</Line>
				<Line Number="1" Count="-1"></Line>
				<Line Number="2" Count="-1">#include &lt;iostream&gt;</Line>
				<Line Number="3" Count="-1"></Line>
				<Line Number="4" Count="0">void func_11()</Line>
				<Line Number="5" Count="-1">{</Line>
				<Line Number="6" Count="0">  std::cout &lt;&lt; 11 &lt;&lt; std::endl;</Line>
				<Line Number="7" Count="3">}</Line>
			</Report>
		</File>
		<File Name="func.cpp" FullPath="./func_12/func.cpp">
			<Report>
				<Line Number="0" Count="-1">#include "func.hpp"</Line>
				<Line Number="1" Count="-1"></Line>
				<Line Number="2" Count="-1">#include &lt;iostream&gt;</Line>
				<Line Number="3" Count="-1"></Line>
				<Line Number="4" Count="1">void func_12()</Line>
				<Line Number="5" Count="-1">{</Line>
				<Line Number="6" Count="1">  std::cout &lt;&lt; 12 &lt;&lt; std::endl;</Line>
				<Line Number="7" Count="4">}</Line>
			</Report>
		</File>
		<File Name="func.cpp" FullPath="./func_13/func.cpp">
			<Report>
				<Line Number="0" Count="-1">#include "func.hpp"</Line>
				<Line Number="1" Count="-1"></Line>
				<Line Number="2" Count="-1">#include &lt;iostream&gt;</Line>
				<Line Number="3" Count="-1"></Line>
				<Line Number="4" Count="0">void func_13()</Line>
				<Line Number="5" Count="-1">{</Line>
				<Line Number="6" Count="0">  std::cout &lt;&lt; 13 &lt;&lt; std::endl;</Line>
				<Line Number="7" Count="3">}</Line>
			</Report>
		</File>
		<File Name="func.cpp" FullPath="./func_14/func.cpp">
			<Report>
				<Line Number="0" Count="-1">#include "func.hpp"</Line>
				<Line Number="1" Count="-1"></Line>
				<Line Number="2" Count="-1">#include &lt;iostream&gt;</Line>
				<Line Number="3" Count="-1"></Line>
				<Line Number="4" Count="1">void func_14()</Line>
				<Line Number="5" Count="-1">{</Line>
				<Line Number="6" Count="1">  std::cout &lt;&lt; 14 &lt;&lt; std::endl;</Line>
				<Line Number="7" Count="4">}</Line>
			</Report>
		</File>
		<File Name="func.cpp" FullPath="./func_15/func.cpp">
			<Report>
				<Line Number="0" Count="-1">#include "func.hpp"</Line>
				<Line Number="1" Count="-1"></Line>
				<Line Number="2" Count="-1">#include &lt;iostream&gt;</Line>
				<Line Number="3" Count="-1"></Line>
				<Line Number="4" Count="0">void func_15()</Line>
				<Line Number="5" Count="-1">{</Line>
				<Line Number="6" Count="0">  std::cout &lt;&lt; 15 &lt;&lt; std::endl;</Line>
				<Line Number="7" Count="3">}</Line>
			</Report>
		</File>
		<File Name="func.cpp" FullPath="./func_16/func.cpp">
			<Report>
				<Line Number="0" Count="-1">#include "func.hpp"</Line>
				<Line Number="1" Count="-1"></Line>
				<Line Number="2" Count="-1">#include &lt;iostream&gt;</Line>
				<Line Number="3" Count="-1"></Line>
				<Line Number="4" Count="1">void func_16()</Line>
				<Line Number="5" Count="-1">{</Line>
				<Line Number="6" Count="1">  std::cout &lt;&lt; 16 &lt;&lt; std::endl;</Line>
				<Line Number="7" Count="4">}</Line>
			</Report>
		</File>
		<File Name="func.cpp" FullPath="./func_17/func.cpp">
			<Report>
				<Line Number="0" Count="-1">#include "func.hpp"</Line>
				<Line Number="1" Count="-1"></Line>
				<Line Number="2" Count="-1">#include &lt;iostream&gt;</Line>
				<Line Number="3" Count="-1"></Line>
				<Line Number="4" Count="0">void func_17()</Line>
				<Line Number="5" Count="-1">{</Line>
				<Line Number="6" Count="0">  std::cout &lt;&lt; 17 &lt;&lt; std::endl;</Line>
				<Line Number="7" Count="3">}</Line>
			</Report>
		</File>
		<File Name="func.cpp" FullPath="./func_18/func.cpp">
			<Report>
				<Line Number="0" Count="-1">#include "func.hpp"</Line>
				<Line Number="1" Count="-1"></Line>
				<Line Number="2" Count="-1">#include &lt;iostream&gt;</Line>
				<Line Number="3" Count="-1"></Line>
				<Line Number="4" Count="1">void func_18()</Line>
				<Line Number="5" Count="-1">{</Line>
				<Line Number="6" Count="1">  std::cout &lt;&lt; 18 &lt;&lt; std::endl;</Line>
				<Line Number="7" Count="4">}</Line>
			</Report>
		</File>
		<File Name="func.cpp" FullPath="./func_19/func.cpp">
			<Report>
				<Line Number="0" Count="-1">#include "func.hpp"</Line>
				<Line Number="1" Count="-1"></Line>
				<Line Number="2" Count="-1">#include &lt;iostream&gt;</Line>
				<Line Number="3" Count="-1"></Line>
				<Line Number="4" Count="0">void func_19()</Line>
				<Line Number="5" Count="-1">{</Line>
				<Line Number="6" Count="0">  std::cout &lt;&lt; 19 &lt;&lt; std::endl;</Line>
				<Line Number="7" Count="3">}</Line>
			</Report>
		</File>
		<File Name="func.cpp" FullPath="./func_2/func.cpp">
			<Report>
				<Line Number="0" Count="-1">#include "func.hpp"</Line>
				<Line Number="1" Count="-1"></Line>
				<Line Number="2" Count="-1">#include &lt;iostream&gt;</Line>
				<Line Number="3" Count="-1"></Line>
				<Line Number="4" Count="1">void func_2()</Line>
				<Line Number="5" Count="-1">{</Line>
				<Line Number="6" Count="1">  std::cout &lt;&lt; 2 &lt;&lt; std::endl;</Line>
				<Line Number="7" Count="4">}</Line>
			</Report>
		</File>
		<File Name="func.cpp" FullPath="./func_20/func.cpp">
			<Report>
				<Line Number="0" Count="-1">#include "func.hpp"</Line>
				<Line Number="1" Count="-1"></Line>
				<Line Number="2" Count="-1">#include &lt;iostream&gt;</Line>
				<Line Number="3" Count="-1"></Line>
				<Line Number="4" Count="1">void func_20()</Line>
				<Line Number="5" Count="-1">{</Line>
				<Line Number="6" Count="1">  std::cout &lt;&lt; 20 &lt;&lt; std::endl;</Line>
				<Line Number="7" Count="4">}</Line>
			</Report>
		</File>
		<File Name="func.cpp" FullPath="./func_21/func.cpp">
			<Report>
				<Line Number="0" Count="-1">#include "func.hpp"</Line>
				<Line Number="1" Count="-1"></Line>
				<Line Number="2" Count="-1">#include &lt;iostream&gt;</Line>
				<Line Number="3" Count="-1"></Line>
				<Line Number="4" Count="0">void func_21()</Line>
				<Line Number="5" Count="-1">{</Line>
				<Line Number="6" Count="0">  std::cout &lt;&lt; 21 &lt;&lt; std::endl;</Line>
				<Line Number="7" Count="3">}</Line>
			</Report>
		</File>
		<File Name="func.cpp" FullPath="./func_22/func.cpp">
			<Report>
				<Line Number="0" Count="-1">#include "func.hpp"</Line>
				<Line Number="1" Count="-1"></Line>
				<Line Number="2" Count="-1">#include &lt;iostream&gt;</Line>
				<Line Number="3" Count="-1"></Line>
				<Line Number="4" Count="1">void func_22()</Line>
				<Line Number="5" Count="-1">{</Line>
				<Line Number="6" Count="1">  std::cout &lt;&lt; 22 &lt;&lt; std::endl;</Line>
				<Line Number="7" Count="4">}</Line>
			</Report>
		</File>
		<File Name="func.cpp" FullPath="./func_23/func.cpp">
			<Report>
				<Line Number="0" Count="-1">#include "func.hpp"</Line>
				<Line Number="1" Count="-1"></Line>
				<Line Number="2" Count="-1">#include &lt;iostream&gt;</Line>
				<Line Number="3" Count="-1"></Line>
				<Line Number="4" Count="0">void func_23()</Line>
				<Line Number="5" Count="-1">{</Line>
				<Line Number="6" Count="0">  std::cout &lt;&lt; 23 &lt;&lt; std::endl;</Line>
				<Line Number="7" Count="3">}</Line>
			</Report>
		</File>
		<File Name="func.cpp" FullPath="./func_24/func.cpp">
			<Report>
				<Line Number="0" Count="-1">#include "func.hpp"</Line>
				<Line Number="1" Count="-1"></Line>
				<Line Number="2" Count="-1">#include &lt;iostream&gt;</Line>
				<Line Number="3" Count="-1"></Line>
				<Line Number="4" Count="1">void func_24()</Line>
				<Line Number="5" Count="-1">{</Line>
				<Line Number="6" Count="1">  std::cout &lt;&lt; 24 &lt;&lt; std::endl;</Line>
				<Line Number="7" Count="4">}</Line>
			</Report>
		</File>
		<File Name="func.cpp" FullPath="./func_25/func.cpp">
			<Report>
				<Line Number="0" Count="-1">#include "func.hpp"</Line>
				<Line Number="1" Count="-1"></Line>
				<Line Number="2" Count="-1">#include &lt;iostream&gt;</Line>
				<Line Number="3" Count="-1"></Line>
				<Line Number="4" Count="0">void func_25()</Line>
				<Line Number="5" Count="-1">{</Line>
				<Line Number="6" Count="0">  std::cout &lt;&lt; 25 &lt;&lt; std::endl;</Line>
				<Line Number="7" Count="3">}</Line>
			</Report>
		</File>
		<File Name="func.cpp" FullPath="./func_26/func.cpp">
			<Report>
				<Line Number="0" Count="-1">#include "func.hpp"</Line>
				<Line Number="1" Count="-1"></Line>
				<Line Number="2" Count="-1">#include &lt;iostream&gt;</Line>
				<Line Number="3" Count="-1"></Line>
				<Line Number="4" Count="1">void func_26()</Line>
				<Line Number="5" Count="-1">{</Line>
				<Line Number="6" Count="1">  std::cout &lt;&lt; 26 &lt;&lt; std::endl;</Line>
				<Line Number="7" Count="4">}</Line>
			</Report>
		</File>
		<File Name="func.cpp" FullPath="./func_27/func.cpp">
			<Report>
				<Line Number="0" Count="-1">#include "func.hpp"</Line>
				<Line Number="1" Count="-1"></Line>
				<Line Number="2" Count="-1">#include &lt;iostream&gt;</Line>
				<Line Number="3" Count="-1"></Line>
				<Line Number="4" Count="0">void func_27()</Line>
				<Line Number="5" Count="-1">{</Line>
				<Line Number="6" Count="0">  std::cout &lt;&lt; 27 &lt;&lt; std::endl;</Line>
				<Line Number="7" Count="3">}</Line>
			</Report>
		</File>
		<File Name="func.cpp" FullPath="./func_28/func.cpp">
			<Report>
				<Line Number="0" Count="-1">#include "func.hpp"</Line>
				<Line Number="1" Count="-1"></Line>
				<Line Number="2" Count="-1">#include &lt;iostream&gt;</Line>
				<Line Number="3" Count="-1"></Line>
				<Line Number="4" Count="1">void func_28()</Line>
				<Line Number="5" Count="-1">{</Line>
				<Line Number="6" Count="1">  std::cout &lt;&lt; 28 &lt;&lt; std::endl;</Line>
				<Line Number="7" Count="4">}</Line>
			</Report>
		</File>
		<File Name="func.cpp" FullPath="./func_29/func.cpp">
			<Report>
				<Line Number="0" Count="-1">#include "func.hpp"</Line>
				<Line Number="1" Count="-1"></Line>
				<Line Number="2" Count="-1">#include &lt;iostream&gt;</Line>
				<Line Number="3" Count="-1"></Line>
				<Line Number="4" Count="0">void func_29()</Line>
				<Line Number="5" Count="-1">{</Line>
				<Line Number="6" Count="0">  std::cout &lt;&lt; 29 &lt;&lt; std::endl;</Line>
				<Line Number="7" Count="3">}</Line>
			</Report>
		</File>
		<File Name="func.cpp" FullPath="./func_3/func.cpp">
			<Report>
				<Line Number="0" Count="-1">#include "func.hpp"</Line>
				<Line Number="1" Count="-1"></Line>
				<Line Number="2" Count="-1">#include &lt;iostream&gt;</Line>
				<Line Number="3" Count="-1"></Line>
				<Line Number="4" Count="0">void func_3()</Line>
				<Line Number="5" Count="-1">{</Line>
				<Line Number="6" Count="0">  std::cout &lt;&lt; 3 &lt;&lt; std::endl;</Line>
				<Line Number="7" Count="3">}</Line>
			</Report>
		</File>
		<File Name="func.cpp" FullPath="./func_30/func.cpp">
			<Report>
				<Line Number="0" Count="-1">#include "func.hpp"</Line>
				<Line Number="1" Count="-1"></Line>
				<Line Number="2" Count="-1">#include &lt;iostream&gt;</Line>
				<Line Number="3" Count="-1"></Line>
				<Line Number="4" Count="1">void func_30()</Line>
				<Line Number="5" Count="-1">{</Line>
				<Line Number="6" Count="1">  std::cout &lt;&lt; 30 &lt;&lt; std::endl;</Line>
				<Line Number="7" Count="4">}</Line>
			</Report>
		</File>
		<File Name="func.cpp" FullPath="./func_31/func.cpp">
			<Report>
				<Line Number="0" Count="-1">#include "func.hpp"</Line>
				<Line Number="1" Count="-1"></Line>
				<Line Number="2" Count="-1">#include &lt;iostream&gt;</Line>
				<Line Number="3" Count="-1"></Line>
				<Line Number="4" Count="0">void func_31()</Line>
				<Line Number="5" Count="-1">{</Line>
				<Line Number="6" Count="0">  std::cout &lt;&lt; 31 &lt;&lt; std::endl;</Line>
				<Line Number="7" Count="3">}</Line>
			</Report>
		</File>
		<File Name="func.cpp" FullPath="./func_32/func.cpp">
			<Report>
				<Line Number="0" Count="-1">#include "func.hpp"</Line>
				<Line Number="1" Count="-1"></Line>
				<Line Number="2" Count="-1">#include &lt;iostream&gt;</Line>
				<Line Number="3" Count="-1"></Line>
				<Line Number="4" Count="1">void func_32()</Line>
				<Line Number="5" Count="-1">{</Line>
				<Line Number="6" Count="1">  std::cout &lt;&lt; 32 &lt;&lt; std::endl;</Line>
				<Line Number="7" Count="4">}</Line>
			</Report>
		</File>
		<File Name="func.cpp" FullPath="./func_33/func.cpp">
			<Report>
				<Line Number="0" Count="-1">#include "func.hpp"</Line>
				<Line Number="1" Count="-1"></Line>
				<Line Number="2" Count="-1">#include &lt;iostream&gt;</Line>
				<Line Number="3" Count="-1"></Line>
				<Line Number="4" Count="0">void func_33()</Line>
				<Line Number="5" Count="-1">{</Line>
				<Line Number="6" Count="0">  std::cout &lt;&lt; 33 &lt;&lt; std::endl;</Line>
				<Line Number="7" Count="3">}</Line>
			</Report>
		</File>
		<File Name="func.cpp" FullPath="./func_34/func.cpp">
			<Report>
				<Line Number="0" Count="-1">#include "func.hpp"</Line>
				<Line Number="1" Count="-1"></Line>
				<Line Number="2" Count="-1">#include &lt;iostream&gt;</Line>
				<Line Number="3" Count="-1"></Line>
				<Line Number="4" Count="1">void func_34()</Line>
				<Line Number="5" Count="-1">{</Line>
				<Line Number="6" Count="1">  std::cout &lt;&lt; 34 &lt;&lt; std::endl;</Line>
				<Line Number="7" Count="4">}</Line>
			</Report>
		</File>
		<File Name="func.cpp" FullPath="./func_35/func.cpp">
			<Report>
				<Line Number="0" Count="-1">#include "func.hpp"</Line>
				<Line Number="1" Count="-1"></Line>
				<Line Number="2" Count="-1">#include &lt;iostream&gt;</Line>
				<Line Number="3" Count="-1"></Line>
				<Line Number="4" Count="0">void func_35()</Line>
				<Line Number="5" Count="-1">{</Line>
				<Line Number="6" Count="0">  std::cout &lt;&lt; 35 &lt;&lt; std::endl;</Line>
				<Line Number="7" Count="3">}</Line>
			</Report>
		</File>
		<File Name="func.cpp" FullPath="./func_36/func.cpp">
			<Report>
				<Line Number="0" Count="-1">#include "func.hpp"</Line>
				<Line Number="1" Count="-1"></Line>
				<Line Number="2" Count="-1">#include &lt;iostream&gt;</Line>
				<Line Number="3" Count="-1"></Line>
				<Line Number="4" Count="1">void func_36()</Line>
				<Line Number="5" Count="-1">{</Line>
				<Line Number="6" Count="1">  std::cout &lt;&lt; 36 &lt;&lt; std::endl;</Line>
				<Line Number="7" Count="4">}</Line>
			</Report>
		</File>
		<File Name="func.cpp" FullPath="./func_37/func.cpp">
			<Report>
				<Line Number="0" Count="-1">#include "func.hpp"</Line>
				<Line Number="1" Count="-1"></Line>
				<Line Number="2" Count="-1">#include &lt;iostream&gt;</Line>
				<Line Number="3" Count="-1"></Line>
				<Line Number="4" Count="0">void func_37()</Line>
				<Line Number="5" Count="-1">{</Line>
				<Line Number="6" Count="0">  std::cout &lt;&lt; 37 &lt;&lt; std::endl;</Line>
				<Line Number="7" Count="3">}</Line>
			</Report>
		</File>
		<File Name="func.cpp" FullPath="./func_38/func.cpp">
			<Report>
				<Line Number="0" Count="-1">#include "func.hpp"</Line>
				<Line Number="1" Count="-1"></Line>
				<Line Number="2" Count="-1">#include &lt;iostream&gt;</Line>
				<Line Number="3" Count="-1"></Line>
				<Line Number="4" Count="1">void func_38()</Line>
				<Line Number="5" Count="-1">{</Line>
				<Line Number="6" Count="1">  std::cout &lt;&lt; 38 &lt;&lt; std::endl;</Line>
				<Line Number="7" Count="4">}</Line>
			</Report>
		</File>
		<File Name="func.cpp" FullPath="./func_39/func.cpp">
			<Report>
				<Line Number="0" Count="-1">#include "func.hpp"</Line>
				<Line Number="1" Count="-1"></Line>
				<Line Number="2" Count="-1">#include &lt;iostream&gt;</Line>
				<Line Number="3" Count="-1"></Line>
				<Line Number="4" Count="0">void func_39()</Line>
				<Line Number="5" Count="-1">{</Line>
				<Line Number="6" Count="0">  std::cout &lt;&lt; 39 &lt;&lt; std::endl;</Line>
				<Line Number="7" Count="3">}</Line>
			</Report>
		</File>
		<File Name="func.cpp" FullPath="./func_4/func.cpp">
			<Report>
				<Line Number="0" Count="-1">#include "func.hpp"</Line>
				<Line Number="1" Count="-1"></Line>
				<Line Number="2" Count="-1">#include &lt;iostream&gt;</Line>
				<Line Number="3" Count="-1"></Line>
				<Line Number="4" Count="1">void func_4()</Line>
				<Line Number="5" Count="-1">{</Line>
				<Line Number="6" Count="1">  std::cout &lt;&lt; 4 &lt;&lt; std::endl;</Line>
				<Line Number="7" Count="4">}</Line>
			</Report>
		</File>
		<File Name="func.cpp" FullPath="./func_40/func.cpp">
			<Report>
				<Line Number="0" Count="-1">#include "func.hpp"</Line>
				<Line Number="1" Count="-1"></Line>
				<Line Number="2" Count="-1">#include &lt;iostream&gt;</Line>
				<Line Number="3" Count="-1"></Line>
				<Line Number="4" Count="1">void func_40()</Line>
				<Line Number="5" Count="-1">{</Line>
				<Line Number="6" Count="1">  std::cout &lt;&lt; 40 &lt;&lt; std::endl;</Line>
				<Line Number="7" Count="4">}</Line>
			</Report>
		</File>
		<File Name="func.cpp" FullPath="./func_41/func.cpp">
			<Report>
				<Line Number="0" Count="-1">#include "func.hpp"</Line>
				<Line Number="1" Count="-1"></Line>
				<Line Number="2" Count="-1">#include &lt;iostream&gt;</Line>
				<Line Number="3" Count="-1"></Line>
				<Line Number="4" Count="0">void func_41()</Line>
				<Line Number="5" Count="-1">{</Line>
				<Line Number="6" Count="0">  std::cout &lt;&lt; 41 &lt;&lt; std::endl;</Line>
				<Line Number="7" Count="3">}</Line>
			</Report>
		</File>
		<File Name="func.cpp" FullPath="./func_42/func.cpp">
			<Report>
				<Line Number="0" Count="-1">#include "func.hpp"</Line>
				<Line Number="1" Count="-1"></Line>
				<Line Number="2" Count="-1">#include &lt;iostream&gt;</Line>
				<Line Number="3" Count="-1"></Line>
				<Line Number="4" Count="1">void func_42()</Line>
				<Line Number="5" Count="-1">{</Line>
				<Line Number="6" Count="1">  std::cout &lt;&lt; 42 &lt;&lt; std::endl;</Line>
				<Line Number="7" Count="4">}</Line>
			</Report>
		</File>
		<File Name="func.cpp" FullPath="./func_43/func.cpp">
			<Report>
				<Line Number="0" Count="-1">#include "func.hpp"</Line>
				<Line Number="1" Count="-1"></Line>
				<Line Number="2" Count="-1">#include &lt;iostream&gt;</Line>
				<Line Number="3" Count="-1"></Line>
				<Line Number="4" Count="0">void func_43()</Line>
				<Line Number="5" Count="-1">{</Line>
				<Line Number="6" Count="0">  std::cout &lt;&lt; 43 &lt;&lt; std::endl;</Line>
				<Line Number="7" Count="3">}</Line>
			</Report>
		</File>
		<File Name="func.cpp" FullPath="./func_44/func.cpp">
			<Report>
				<Line Number="0" Count="-1">#include "func.hpp"</Line>
				<Line Number="1" Count="-1"></Line>
				<Line Number="2" Count="-1">#include &lt;iostream&gt;</Line>
				<Line Number="3" Count="-1"></Line>
				<Line Number="4" Count="1">void func_44()</Line>
				<Line Number="5" Count="-1">{</Line>
				<Line Number="6" Count="1">  std::cout &lt;&lt; 44 &lt;&lt; std::endl;</Line>
				<Line Number="7" Count="4">}</Line>
			</Report>
		</File>
		<File Name="func.cpp" FullPath="./func_45/func.cpp">
			<Report>
				<Line Number="0" Count="-1">#include "func.hpp"</Line>
				<Line Number="1" Count="-1"></Line>
				<Line Number="2" Count="-1">#include &lt;iostream&gt;</Line>
				<Line Number="3" Count="-1"></Line>
				<Line Number="4" Count="0">void func_45()</Line>
				<Line Number="5" Count="-1">{</Line>
				<Line Number="6" Count="0">  std::cout &lt;&lt; 45 &lt;&lt; std::endl;</Line>
				<Line Number="7" Count="3">}</Line>
			</Report>
		</File>
		<File Name="func.cpp" FullPath="./func_46/func.cpp">
			<Report>
				<Line Number="0" Count="-1">#include "func.hpp"</Line>
				<Line Number="1" Count="-1"></Line>
				<Line Number="2" Count="-1">#include &lt;iostream&gt;</Line>
				<Line Number="3" Count="-1"></Line>
				<Line Number="4" Count="1">void func_46()</Line>
				<Line Number="5" Count="-1">{</Line>
				<Line Number="6" Count="1">  std::cout &lt;&lt; 46 &lt;&lt; std::endl;</Line>
				<Line Number="7" Count="4">}</Line>
			</Report>
		</File>
		<File Name="func.cpp" FullPath="./func_47/func.cpp">
			<Report>
				<Line Number="0" Count="-1">#include "func.hpp"</Line>
				<Line Number="1" Count="-1"></Line>
				<Line Number="2" Count="-1">#include &lt;iostream&gt;</Line>
				<Line Number="3" Count="-1"></Line>
				<Line Number="4" Count="0">void func_47()</Line>
				<Line Number="5" Count="-1">{</Line>
				<Line Number="6" Count="0">  std::cout &lt;&lt; 47 &lt;&lt; std::endl;</Line>
				<Line Number="7" Count="3">}</Line>
			</Report>
		</File>
		<File Name="func.cpp" FullPath="./func_48/func.cpp">
			<Report>
				<Line Number="0" Count="-1">#include "func.hpp"</Line>
				<Line Number="1" Count="-1"></Line>
				<Line Number="2" Count="-1">#include &lt;iostream&gt;</Line>
				<Line Number="3" Count="-1"></Line>
				<Line Number="4" Count="1">void func_48()</Line>
				<Line Number="5" Count="-1">{</Line>
				<Line Number="6" Count="1">  std::cout &lt;&lt; 48 &lt;&lt; std::endl;</Line>
				<Line Number="7" Count="4">}</Line>
			</Report>
		</File>
		<File Name="func.cpp" FullPath="./func_49/func.cpp">
			<Report>
				<Line Number="0" Count="-1">#include "func.hpp"</Line>
				<Line Number="1" Count="-1"></Line>
				<Line Number="2" Count="-1">#include &lt;iostream&gt;</Line>
				<Line Number="3" Count="-1"></Line>
				<Line Number="4" Count="0">void func_49()</Line>
				<Line Number="5" Count="-1">{</Line>
				<Line Number="6" Count="0">  std::cout &lt;&lt; 49 &lt;&lt; std::endl;</Line>
				<Line Number="7" Count="3">}</Line>
			</Report>
		</File>
		<File Name="func.cpp" FullPath="./func_5/func.cpp">
			<Report>
				<Line Number="0" Count="-1">#include "func.hpp"</Line>
				<Line Number="1" Count="-1"></Line>
				<Line Number="2" Count="-1">#include &lt;iostream&gt;</Line>
				<Line Number="3" Count="-1"></Line>
				<Line Number="4" Count="0">void func_5()</Line>
				<Line Number="5" Count="-1">{</Line>
				<Line Number="6" Count="0">  std::cout &lt;&lt; 5 &lt;&lt; std::endl;</Line>
				<Line Number="7" Count="3">}</Line>
			</Report>
		</File>
		<File Name="func.cpp" FullPath="./func_50/func.cpp">
			<Report>
				<Line Number="0" Count="-1">#include "func.hpp"</Line>
				<Line Number="1" Count="-1"></Line>
				<Line Number="2" Count="-1">#include &lt;iostream&gt;</Line>
				<Line Number="3" Count="-1"></Line>
				<Line Number="4" Count="1">void func_50()</Line>
				<Line Number="5" Count="-1">{</Line>
				<Line Number="6" Count="1">  std::cout &lt;&lt; 50 &lt;&lt; std::endl;</Line>
				<Line Number="7" Count="4">}</Line>
			</Report>
		</File>
		<File Name="func.cpp" FullPath="./func_51/func.cpp">
			<Report>
				<Line Number="0" Count="-1">#include "func.hpp"</Line>
				<Line Number="1" Count="-1"></Line>
				<Line Number="2" Count="-1">#include &lt;iostream&gt;</Line>
				<Line Number="3" Count="-1"></Line>
				<Line Number="4" Count="0">void func_51()</Line>
				<Line Number="5" Count="-1">{</Line>
				<Line Number="6" Count="0">  std::cout &lt;&lt; 51 &lt;&lt; std::endl;</Line>
				<Line Number="7" Count="3">}</Line>
			</Report>
		</File>
		<File Name="func.cpp" FullPath="./func_52/func.cpp">
			<Report>
				<Line Number="0" Count="-1">#include "func.hpp"</Line>
				<Line Number="1" Count="-1"></Line>
				<Line Number="2" Count="-1">#include &lt;iostream&gt;</Line>
				<Line Number="3" Count="-1"></Line>
				<Line Number="4" Count="1">void func_52()</Line>
				<Line Number="5" Count="-1">{</Line>
				<Line Number="6" Count="1">  std::cout &lt;&lt; 52 &lt;&lt; std::endl;</Line>
				<Line Number="7" Count="4">}</Line>
			</Report>
		</File>
		<File Name="func.cpp" FullPath="./func_53/func.cpp">
			<Report>
				<Line Number="0" Count="-1">#include "func.hpp"</Line>
				<Line Number="1" Count="-1"></Line>
				<Line Number="2" Count="-1">#include &lt;iostream&gt;</Line>
				<Line Number="3" Count="-1"></Line>
				<Line Number="4" Count="0">void func_53()</Line>
				<Line Number="5" Count="-1">{</Line>
				<Line Number="6" Count="0">  std::cout &lt;&lt; 53 &lt;&lt; std::endl;</Line>
				<Line Number="7" Count="3">}</Line>
			</Report>
		</File>
		<File Name="func.cpp" FullPath="./func_54/func.cpp">
			<Report>
				<Line Number="0" Count="-1">#include "func.hpp"</Line>
				<Line Number="1" Count="-1"></Line>
				<Line Number="2" Count="-1">#include &lt;iostream&gt;</Line>
				<Line Number="3" Count="-1"></Line>
				<Line Number="4" Count="1">void func_54()</Line>
				<Line Number="5" Count="-1">{</Line>
				<Line Number="6" Count="1">  std::cout &lt;&lt; 54 &lt;&lt; std::endl;</Line>
				<Line Number="7" Count="4">}</Line>
			</Report>
		</File>
		<File Name="func.cpp" FullPath="./func_55/func.cpp">
			<Report>
				<Line Number="0" Count="-1">#include "func.hpp"</Line>
				<Line Number="1" Count="-1"></Line>
				<Line Number="2" Count="-1">#include &lt;iostream&gt;</Line>
				<Line Number="3" Count="-1"></Line>
				<Line Number="4" Count="0">void func_55()</Line>
				<Line Number="5" Count="-1">{</Line>
				<Line Number="6" Count="0">  std::cout &lt;&lt; 55 &lt;&lt; std::endl;</Line>
				<Line Number="7" Count="3">}</Line>
			</Report>
		</File>
		<File Name="func.cpp" FullPath="./func_56/func.cpp">
			<Report>
				<Line Number="0" Count="-1">#include "func.hpp"</Line>
				<Line Number="1" Count="-1"></Line>
				<Line Number="2" Count="-1">#include &lt;iostream&gt;</Line>
				<Line Number="3" Count="-1"></Line>
				<Line Number="4" Count="1">void func_56()</Line>
				<Line Number="5" Count="-1">{</Line>
				<Line Number="6" Count="1">  std::cout &lt;&lt; 56 &lt;&lt; std::endl;</Line>
				<Line Number="7" Count="4">}</Line>
			</Report>
		</File>
		<File Name="func.cpp" FullPath="./func_57/func.cpp">
			<Report>
				<Line Number="0" Count="-1">#include "func.hpp"</Line>
				<Line Number="1" Count="-1"></Line>
				<Line Number="2" Count="-1">#include &lt;iostream&gt;</Line>
				<Line Number="3" Count="-1"></Line>
				<Line Number="4" Count="0">void func_57()</Line>
				<Line Number="5" Count="-1">{</Line>
				<Line Number="6" Count="0">  std::cout &lt;&lt; 57 &lt;&lt; std::endl;</Line>
				<Line Number="7" Count="3">}</Line>
			</Report>
		</File>
		<File Name="func.cpp" FullPath="./func_58/func.cpp">
			<Report>
				<Line Number="0" Count="-1">#include "func.hpp"</Line>
				<Line Number="1" Count="-1"></Line>
				<Line Number="2" Count="-1">#include &lt;iostream&gt;</Line>
				<Line Number="3" Count="-1"></Line>
				<Line Number="4" Count="1">void func_58()</Line>
				<Line Number="5" Count="-1">{</Line>
				<Line Number="6" Count="1">  std::cout &lt;&lt; 58 &lt;&lt; std::endl;</Line>
				<Line Number="7" Count="4">}</Line>
			</Report>
		</File>
		<File Name="func.cpp" FullPath="./func_59/func.cpp">
			<Report>
				<Line Number="0" Count="-1">#include "func.hpp"</Line>
				<Line Number="1" Count="-1"></Line>
				<Line Number="2" Count="-1">#include &lt;iostream&gt;</Line>
				<Line Number="3" Count="-1"></Line>
				<Line Number="4" Count="0">void func_59()</Line>
				<Line Number="5" Count="-1">{</Line>
				<Line Number="6" Count="0">  std::cout &lt;&lt; 59 &lt;&lt; std::endl;</Line>
				<Line Number="7" Count="3">}</Line>
			</Report>
		</File>
		<File Name="func.cpp" FullPath="./func_6/func.cpp">
			<Report>
				<Line Number="0" Count="-1">#include "func.hpp"</Line>
				<Line Number="1" Count="-1"></Line>
				<Line Number="2" Count="-1">#include &lt;iostream&gt;</Line>
				<Line Number="3" Count="-1"></Line>
				<Line Number="4" Count="1">void func_6()</Line>
				<Line Number="5" Count="-1">{</Line>
				<Line Number="6" Count="1">  std::cout &lt;&lt; 6 &lt;&lt; std::endl;</Line>
				<Line Number="7" Count="4">}</Line>
			</Report>
		</File>
		<File Name="func.cpp" FullPath="./func_60/func.cpp">
			<Report>
				<Line Number="0" Count="-1">#include "func.hpp"</Line>
				<Line Number="1" Count="-1"></Line>
				<Line Number="2" Count="-1">#include &lt;iostream&gt;</Line>
				<Line Number="3" Count="-1"></Line>
				<Line Number="4" Count="1">void func_60()</Line>
				<Line Number="5" Count="-1">{</Line>
				<Line Number="6" Count="1">  std::cout &lt;&lt; 60 &lt;&lt; std::endl;</Line>
				<Line Number="7" Count="4">}</Line>
			</Report>
		</File>
		<File Name="func.cpp" FullPath="./func_61/func.cpp">
			<Report>
				<Line Number="0" Count="-1">#include "func.hpp"</Line>
				<Line Number="1" Count="-1"></Line>
				<Line Number="2" Count="-1">#include &lt;iostream&gt;</Line>
				<Line Number="3" Count="-1"></Line>
				<Line Number="4" Count="0">void func_61()</Line>
				<Line Number="5" Count="-1">{</Line>
				<Line Number="6" Count="0">  std::cout &lt;&lt; 61 &lt;&lt; std::endl;</Line>
				<Line Number="7" Count="3">}</Line>
			</Report>
		</File>
		<File Name="func.cpp" FullPath="./func_62/func.cpp">
			<Report>
				<Line Number="0" Count="-1">#include "func.hpp"</Line>
				<Line Number="1" Count="-1"></Line>
				<Line Number="2" Count="-1">#include &lt;iostream&gt;</Line>
				<Line Number="3" Count="-1"></Line>
				<Line Number="4" Count="1">void func_62()</Line>
				<Line Number="5" Count="-1">{</Line>
				<Line Number="6" Count="1">  std::cout &lt;&lt; 62 &lt;&lt; std::endl;</Line>
				<Line Number="7" Count="4">}</Line>
			</Report>
		</File>
		<File Name="func.cpp" FullPath="./func_63/func.cpp">
			<Report>
				<Line Number="0" Count="-1">#include "func.hpp"</Line>
				<Line Number="1" Count="-1"></Line>
				<Line Number="2" Count="-1">#include &lt;iostream&gt;</Line>
				<Line Number="3" Count="-1"></Line>
				<Line Number="4" Count="0">void func_63()</Line>
				<Line Number="5" Count="-1">{</Line>
				<Line Number="6" Count="0">  std::cout &lt;&lt; 63 &lt;&lt; std::endl;</Line>
				<Line Number="7" Count="3">}</Line>
			</Report>
		</File>
		<File Name="func.cpp" FullPath="./func_64/func.cpp">
			<Report>
				<Line Number="0" Count="-1">#include "func.hpp"</Line>
				<Line Number="1" Count="-1"></Line>
				<Line Number="2" Count="-1">#include &lt;iostream&gt;</Line>
				<Line Number="3" Count="-1"></Line>
				<Line Number="4" Count="1">void func_64()</Line>
				<Line Number="5" Count="-1">{</Line>
				<Line Number="6" Count="1">  std::cout &lt;&lt; 64 &lt;&lt; std::endl;</Line>
				<Line Number="7" Count="4">}</Line>
			</Report>
		</File>
		<File Name="func.cpp" FullPath="./func_65/func.cpp">
			<Report>
				<Line Number="0" Count="-1">#include "func.hpp"</Line>
				<Line Number="1" Count="-1"></Line>
				<Line Number="2" Count="-1">#include &lt;iostream&gt;</Line>
				<Line Number="3" Count="-1"></Line>
				<Line Number="4" Count="0">void func_65()</Line>
				<Line Number="5" Count="-1">{</Line>
				<Line Number="6" Count="0">  std::cout &lt;&lt; 65 &lt;&lt; std::endl;</Line>
				<Line Number="7" Count="3">}</Line>
			</Report>
		</File>
		<File Name="func.cpp" FullPath="./func_66/func.cpp">
			<Report>
				<Line Number="0" Count="-1">#include "func.hpp"</Line>
				<Line Number="1" Count="-1"></Line>
				<Line Number="2" Count="-1">#include &lt;iostream&gt;</Line>
				<Line Number="3" Count="-1"></Line>
				<Line Number="4" Count="1">void func_66()</Line>
				<Line Number="5" Count="-1">{</Line>
				<Line Number="6" Count="1">  std::cout &lt;&lt; 66 &lt;&lt; std::endl;</Line>
				<Line Number="7" Count="4">}</Line>
			</Report>
		</File>
		<File Name="func.cpp" FullPath="./func_67/func.cpp">
			<Report>
				<Line Number="0" Count="-1">#include "func.hpp"</Line>
				<Line Number="1" Count="-1"></Line>
				<Line Number="2" Count="-1">#include &lt;iostream&gt;</Line>
				<Line Number="3" Count="-1"></Line>
				<Line Number="4" Count="0">void func_67()</Line>
				<Line Number="5" Count="-1">{</Line>
				<Line Number="6" Count="0">  std::cout &lt;&lt; 67 &lt;&lt; std::endl;</Line>
				<Line Number="7" Count="3">}</Line>
			</Report>
		</File>
		<File Name="func.cpp" FullPath="./func_68/func.cpp">
			<Report>
				<Line Number="0" Count="-1">#include "func.hpp"</Line>
				<Line Number="1" Count="-1"></Line>
				<Line Number="2" Count="-1">#include &lt;iostream&gt;</Line>
				<Line Number="3" Count="-1"></Line>
				<Line Number="4" Count="1">void func_68()</Line>
				<Line Number="5" Count="-1">{</Line>
				<Line Number="6" Count="1">  std::cout &lt;&lt; 68 &lt;&lt; std::endl;</Line>
				<Line Number="7" Count="4">}</Line>
			</Report>
		</File>
		<File Name="func.cpp" FullPath="./func_69/func.cpp">
			<Report>
				<Line Number="0" Count="-1">#include "func.hpp"</Line>
				<Line Number="1" Count="-1"></Line>
				<Line Number="2" Count="-1">#include &lt;iostream&gt;</Line>
				<Line Number="3" Count="-1"></Line>
				<Line Number="4" Count="0">void func_69()</Line>
				<Line Number="5" Count="-1">{</Line>
				<Line Number="6" Count="0">  std::cout &lt;&lt; 69 &lt;&lt; std::endl;</Line>
				<Line Number="7" Count="3">}</Line>
			</Report>
		</File>
		<File Name="func.cpp" FullPath="./func_7/func.cpp">
			<Report>
				<Line Number="0" Count="-1">#include "func.hpp"</Line>
				<Line Number="1" Count="-1"></Line>
				<Line Number="2" Count="-1">#include &lt;iostream&gt;</Line>
				<Line Number="3" Count="-1"></Line>
				<Line Number="4" Count="0">void func_7()</Line>
				<Line Number="5" Count="-1">{</Line>
				<Line Number="6" Count="0">  std::cout &lt;&lt; 7 &lt;&lt; std::endl;</Line>
				<Line Number="7" Count="3">}</Line>
			</Report>
		</File>
		<File Name="func.cpp" FullPath="./func_70/func.cpp">
			<Report>
				<Line Number="0" Count="-1">#include "func.hpp"</Line>
				<Line Number="1" Count="-1"></Line>
				<Line Number="2" Count="-1">#include &lt;iostream&gt;</Line>
				<Line Number="3" Count="-1"></Line>
				<Line Number="4" Count="1">void func_70()</Line>
				<Line Number="5" Count="-1">{</Line>
				<Line Number="6" Count="1">  std::cout &lt;&lt; 70 &lt;&lt; std::endl;</Line>
				<Line Number="7" Count="4">}</Line>
			</Report>
		</File>
		<File Name="func.cpp" FullPath="./func_71/func.cpp">
			<Report>
				<Line Number="0" Count="-1">#include "func.hpp"</Line>
				<Line Number="1" Count="-1"></Line>
				<Line Number="2" Count="-1">#include &lt;iostream&gt;</Line>
				<Line Number="3" Count="-1"></Line>
				<Line Number="4" Count="0">void func_71()</Line>
				<Line Number="5" Count="-1">{</Line>
				<Line Number="6" Count="0">  std::cout &lt;&lt; 71 &lt;&lt; std::endl;</Line>
				<Line Number="7" Count="3">}</Line>
			</Report>
		</File>
		<File Name="func.cpp" FullPath="./func_72/func.cpp">
			<Report>
				<Line Number="0" Count="-1">#include "func.hpp"</Line>
				<Line Number="1" Count="-1"></Line>
				<Line Number="2" Count="-1">#include &lt;iostream&gt;</Line>
				<Line Number="3" Count="-1"></Line>
				<Line Number="4" Count="1">void func_72()</Line>
				<Line Number="5" Count="-1">{</Line>
				<Line Number="6" Count="1">  std::cout &lt;&lt; 72 &lt;&lt; std::endl;</Line>
				<Line Number="7" Count="4">}</Line>
			</Report>
		</File>
		<File Name="func.cpp" FullPath="./func_73/func.cpp">
			<Report>
				<Line Number="0" Count="-1">#include "func.hpp"</Line>
				<Line Number="1" Count="-1"></Line>
				<Line Number="2" Count="-1">#include &lt;iostream&gt;</Line>
				<Line Number="3" Count="-1"></Line>
				<Line Number="4" Count="0">void func_73()</Line>
				<Line Number="5" Count="-1">{</Line>
				<Line Number="6" Count="0">  std::cout &lt;&lt; 73 &lt;&lt; std::endl;</Line>
				<Line Number="7" Count="3">}</Line>
			</Report>
		</File>
		<File Name="func.cpp" FullPath="./func_74/func.cpp">
			<Report>
				<Line Number="0" Count="-1">#include "func.hpp"</Line>
				<Line Number="1" Count="-1"></Line>
				<Line Number="2" Count="-1">#include &lt;iostream&gt;</Line>
				<Line Number="3" Count="-1"></Line>
				<Line Number="4" Count="1">void func_74()</Line>
				<Line Number="5" Count="-1">{</Line>
				<Line Number="6" Count="1">  std::cout &lt;&lt; 74 &lt;&lt; std::endl;</Line>
				<Line Number="7" Count="4">}</Line>
			</Report>
		</File>
		<File Name="func.cpp" FullPath="./func_75/func.cpp">
			<Report>
				<Line Number="0" Count="-1">#include "func.hpp"</Line>
				<Line Number="1" Count="-1"></Line>
				<Line Number="2" Count="-1">#include &lt;iostream&gt;</Line>
				<Line Number="3" Count="-1"></Line>
				<Line Number="4" Count="0">void func_75()</Line>
				<Line Number="5" Count="-1">{</Line>
				<Line Number="6" Count="0">  std::cout &lt;&lt; 75 &lt;&lt; std::endl;</Line>
				<Line Number="7" Count="3">}</Line>
			</Report>
		</File>
		<File Name="func.cpp" FullPath="./func_76/func.cpp">
			<Report>
				<Line Number="0" Count="-1">#include "func.hpp"</Line>
				<Line Number="1" Count="-1"></Line>
				<Line Number="2" Count="-1">#include &lt;iostream&gt;</Line>
				<Line Number="3" Count="-1"></Line>
				<Line Number="4" Count="1">void func_76()</Line>
				<Line Number="5" Count="-1">{</Line>
				<Line Number="6" Count="1">  std::cout &lt;&lt; 76 &lt;&lt; std::endl;</Line>
				<Line Number="7" Count="4">}</Line>
			</Report>
		</File>
		<File Name="func.cpp" FullPath="./func_77/func.cpp">
			<Report>
				<Line Number="0" Count="-1">#include "func.hpp"</Line>
				<Line Number="1" Count="-1"></Line>
				<Line Number="2" Count="-1">#include &lt;iostream&gt;</Line>
				<Line Number="3" Count="-1"></Line>
				<Line Number="4" Count="0">void func_77()</Line>
				<Line Number="5" Count="-1">{</Line>
				<Line Number="6" Count="0">  std::cout &lt;&lt; 77 &lt;&lt; std::endl;</Line>
				<Line Number="7" Count="3">}</Line>
			</Report>
		</File>
		<File Name="func.cpp" FullPath="./func_78/func.cpp">
			<Report>
				<Line Number="0" Count="-1">#include "func.hpp"</Line>
				<Line Number="1" Count="-1"></Line>
				<Line Number="2" Count="-1">#include &lt;iostream&gt;</Line>
				<Line Number="3" Count="-1"></Line>
				<Line Number="4" Count="1">void func_78()</Line>
				<Line Number="5" Count="-1">{</Line>
				<Line Number="6" Count="1">  std::cout &lt;&lt; 78 &lt;&lt; std::endl;</Line>
				<Line Number="7" Count="4">}</Line>
			</Report>
		</File>
		<File Name="func.cpp" FullPath="./func_79/func.cpp">
			<Report>
				<Line Number="0" Count="-1">#include "func.hpp"</Line>
				<Line Number="1" Count="-1"></Line>
				<Line Number="2" Count="-1">#include &lt;iostream&gt;</Line>
				<Line Number="3" Count="-1"></Line>
				<Line Number="4" Count="0">void func_79()</Line>
				<Line Number="5" Count="-1">{</Line>
				<Line Number="6" Count="0">  std::cout &lt;&lt; 79 &lt;&lt; std::endl;</Line>
				<Line Number="7" Count="3">}</Line>
			</Report>
		</File>
		<File Name="func.cpp" FullPath="./func_8/func.cpp">
			<Report>
				<Line Number="0" Count="-1">#include "func.hpp"</Line>
				<Line Number="1" Count="-1"></Line>
				<Line Number="2" Count="-1">#include &lt;iostream&gt;</Line>
				<Line Number="3" Count="-1"></Line>
				<Line Number="4" Count="1">void func_8()</Line>
				<Line Number="5" Count="-1">{</Line>
				<Line Number="6" Count="1">  std::cout &lt;&lt; 8 &lt;&lt; std::endl;</Line>
				<Line Number="7" Count="4">}</Line>
			</Report>
		</File>
		<File Name="func.cpp" FullPath="./func_80/func.cpp">
			<Report>
				<Line Number="0" Count="-1">#include "func.hpp"</Line>
				<Line Number="1" Count="-1"></Line>
				<Line Number="2" Count="-1">#include &lt;iostream&gt;</Line>
				<Line Number="3" Count="-1"></Line>
				<Line Number="4" Count="1">void func_80()</Line>
				<Line Number="5" Count="-1">{</Line>
				<Line Number="6" Count="1">  std::cout &lt;&lt; 80 &lt;&lt; std::endl;</Line>
				<Line Number="7" Count="4">}</Line>
			</Report>
		</File>
		<File Name="func.cpp" FullPath="./func_81/func.cpp">
			<Report>
				<Line Number="0" Count="-1">#include "func.hpp"</Line>
				<Line Number="1" Count="-1"></Line>
				<Line Number="2" Count="-1">#include &lt;iostream&gt;</Line>
				<Line Number="3" Count="-1"></Line>
				<Line Number="4" Count="0">void func_81()</Line>
				<Line Number="5" Count="-1">{</Line>
				<Line Number="6" Count="0">  std::cout &lt;&lt; 81 &lt;&lt; std::endl;</Line>
				<Line Number="7" Count="3">}</Line>
			</Report>
		</File>
		<File Name="func.cpp" FullPath="./func_82/func.cpp">
			<Report>
				<Line Number="0" Count="-1">#include "func.hpp"</Line>
				<Line Number="1" Count="-1"></Line>
				<Line Number="2" Count="-1">#include &lt;iostream&gt;</Line>
				<Line Number="3" Count="-1"></Line>
				<Line Number="4" Count="1">void func_82()</Line>
				<Line Number="5" Count="-1">{</Line>
				<Line Number="6" Count="1">  std::cout &lt;&lt; 82 &lt;&lt; std::endl;</Line>
				<Line Number="7" Count="4">}</Line>
			</Report>
		</File>
		<File Name="func.cpp" FullPath="./func_83/func.cpp">
			<Report>
				<Line Number="0" Count="-1">#include "func.hpp"</Line>
				<Line Number="1" Count="-1"></Line>
				<Line Number="2" Count="-1">#include &lt;iostream&gt;</Line>
				<Line Number="3" Count="-1"></Line>
				<Line Number="4" Count="0">void func_83()</Line>
				<Line Number="5" Count="-1">{</Line>
				<Line Number="6" Count="0">  std::cout &lt;&lt; 83 &lt;&lt; std::endl;</Line>
				<Line Number="7" Count="3">}</Line>
			</Report>
		</File>
		<File Name="func.cpp" FullPath="./func_84/func.cpp">
			<Report>
				<Line Number="0" Count="-1">#include "func.hpp"</Line>
				<Line Number="1" Count="-1"></Line>
				<Line Number="2" Count="-1">#include &lt;iostream&gt;</Line>
				<Line Number="3" Count="-1"></Line>
				<Line Number="4" Count="1">void func_84()</Line>
				<Line Number="5" Count="-1">{</Line>
				<Line Number="6" Count="1">  std::cout &lt;&lt; 84 &lt;&lt; std::endl;</Line>
				<Line Number="7" Count="4">}</Line>
			</Report>
		</File>
		<File Name="func.cpp" FullPath="./func_85/func.cpp">
			<Report>
				<Line Number="0" Count="-1">#include "func.hpp"</Line>
				<Line Number="1" Count="-1"></Line>
				<Line Number="2" Count="-1">#include &lt;iostream&gt;</Line>
				<Line Number="3" Count="-1"></Line>
				<Line Number="4" Count="0">void func_85()</Line>
				<Line Number="5" Count="-1">{</Line>
				<Line Number="6" Count="0">  std::cout &lt;&lt; 85 &lt;&lt; std::endl;</Line>
				<Line Number="7" Count="3">}</Line>
			</Report>
		</File>
		<File Name="func.cpp" FullPath="./func_86/func.cpp">
			<Report>
				<Line Number="0" Count="-1">#include "func.hpp"</Line>
				<Line Number="1" Count="-1"></Line>
				<Line Number="2" Count="-1">#include &lt;iostream&gt;</Line>
				<Line Number="3" Count="-1"></Line>
				<Line Number="4" Count="1">void func_86()</Line>
				<Line Number="5" Count="-1">{</Line>
				<Line Number="6" Count="1">  std::cout &lt;&lt; 86 &lt;&lt; std::endl;</Line>
				<Line Number="7" Count="4">}</Line>
			</Report>
		</File>
		<File Name="func.cpp" FullPath="./func_87/func.cpp">
			<Report>
				<Line Number="0" Count="-1">#include "func.hpp"</Line>
				<Line Number="1" Count="-1"></Line>
				<Line Number="2" Count="-1">#include &lt;iostream&gt;</Line>
				<Line Number="3" Count="-1"></Line>
				<Line Number="4" Count="0">void func_87()</Line>
				<Line Number="5" Count="-1">{</Line>
				<Line Number="6" Count="0">  std::cout &lt;&lt; 87 &lt;&lt; std::endl;</Line>
				<Line Number="7" Count="3">}</Line>
			</Report>
		</File>
		<File Name="func.cpp" FullPath="./func_88/func.cpp">
			<Report>
				<Line Number="0" Count="-1">#include "func.hpp"</Line>
				<Line Number="1" Count="-1"></Line>
				<Line Number="2" Count="-1">#include &lt;iostream&gt;</Line>
				<Line Number="3" Count="-1"></Line>
				<Line Number="4" Count="1">void func_88()</Line>
				<Line Number="5" Count="-1">{</Line>
				<Line Number="6" Count="1">  std::cout &lt;&lt; 88 &lt;&lt; std::endl;</Line>
				<Line Number="7" Count="4">}</Line>
			</Report>
		</File>
		<File Name="func.cpp" FullPath="./func_89/func.cpp">
			<Report>
				<Line Number="0" Count="-1">#include "func.hpp"</Line>
				<Line Number="1" Count="-1"></Line>
				<Line Number="2" Count="-1">#include &lt;iostream&gt;</Line>
				<Line Number="3" Count="-1"></Line>
				<Line Number="4" Count="0">void func_89()</Line>
				<Line Number="5" Count="-1">{</Line>
				<Line Number="6" Count="0">  std::cout &lt;&lt; 89 &lt;&lt; std::endl;</Line>
				<Line Number="7" Count="3">}</Line>
			</Report>
		</File>
		<File Name="func.cpp" FullPath="./func_9/func.cpp">
			<Report>
				<Line Number="0" Count="-1">#include "func.hpp"</Line>
				<Line Number="1" Count="-1"></Line>
				<Line Number="2" Count="-1">#include &lt;iostream&gt;</Line>
				<Line Number="3" Count="-1"></Line>
				<Line Number="4" Count="0">void func_9()</Line>
				<Line Number="5" Count="-1">{</Line>
				<Line Number="6" Count="0">  std::cout &lt;&lt; 9 &lt;&lt; std::endl;</Line>
				<Line Number="7" Count="3">}</Line>
			</Report>
		</File>
		<File Name="func.cpp" FullPath="./func_90/func.cpp">
			<Report>
				<Line Number="0" Count="-1">#include "func.hpp"</Line>
				<Line Number="1" Count="-1"></Line>
				<Line Number="2" Count="-1">#include &lt;iostream&gt;</Line>
				<Line Number="3" Count="-1"></Line>
				<Line Number="4" Count="1">void func_90()</Line>
				<Line Number="5" Count="-1">{</Line>
				<Line Number="6" Count="1">  std::cout &lt;&lt; 90 &lt;&lt; std::endl;</Line>
				<Line Number="7" Count="4">}</Line>
			</Report>
		</File>
		<File Name="func.cpp" FullPath="./func_91/func.cpp">
			<Report>
				<Line Number="0" Count="-1">#include "func.hpp"</Line>
				<Line Number="1" Count="-1"></Line>
				<Line Number="2" Count="-1">#include &lt;iostream&gt;</Line>
				<Line Number="3" Count="-1"></Line>
				<Line Number="4" Count="0">void func_91()</Line>
				<Line Number="5" Count="-1">{</Line>
				<Line Number="6" Count="0">  std::cout &lt;&lt; 91 &lt;&lt; std::endl;</Line>
				<Line Number="7" Count="3">}</Line>
			</Report>
		</File>
		<File Name="func.cpp" FullPath="./func_92/func.cpp">
			<Report>
				<Line Number="0" Count="-1">#include "func.hpp"</Line>
				<Line Number="1" Count="-1"></Line>
				<Line Number="2" Count="-1">#include &lt;iostream&gt;</Line>
				<Line Number="3" Count="-1"></Line>
				<Line Number="4" Count="1">void func_92()</Line>
				<Line Number="5" Count="-1">{</Line>
				<Line Number="6" Count="1">  std::cout &lt;&lt; 92 &lt;&lt; std::endl;</Line>
				<Line Number="7" Count="4">}</Line>
			</Report>
		</File>
		<File Name="func.cpp" FullPath="./func_93/func.cpp">
			<Report>
				<Line Number="0" Count="-1">#include "func.hpp"</Line>
				<Line Number="1" Count="-1"></Line>
				<Line Number="2" Count="-1">#include &lt;iostream&gt;</Line>
				<Line Number="3" Count="-1"></Line>
				<Line Number="4" Count="0">void func_93()</Line>
				<Line Number="5" Count="-1">{</Line>
				<Line Number="6" Count="0">  std::cout &lt;&lt; 93 &lt;&lt; std::endl;</Line>
				<Line Number="7" Count="3">}</Line>
			</Report>
		</File>
		<File Name="func.cpp" FullPath="./func_94/func.cpp">
			<Report>
				<Line Number="0" Count="-1">#include "func.hpp"</Line>
				<Line Number="1" Count="-1"></Line>
				<Line Number="2" Count="-1">#include &lt;iostream&gt;</Line>
				<Line Number="3" Count="-1"></Line>
				<Line Number="4" Count="1">void func_94()</Line>
				<Line Number="5" Count="-1">{</Line>
				<Line Number="6" Count="1">  std::cout &lt;&lt; 94 &lt;&lt; std::endl;</Line>
				<Line Number="7" Count="4">}</Line>
			</Report>
		</File>
		<File Name="func.cpp" FullPath="./func_95/func.cpp">
			<Report>
				<Line Number="0" Count="-1">#include "func.hpp"</Line>
				<Line Number="1" Count="-1"></Line>
				<Line Number="2" Count="-1">#include &lt;iostream&gt;</Line>
				<Line Number="3" Count="-1"></Line>
				<Line Number="4" Count="0">void func_95()</Line>
				<Line Number="5" Count="-1">{</Line>
				<Line Number="6" Count="0">  std::cout &lt;&lt; 95 &lt;&lt; std::endl;</Line>
				<Line Number="7" Count="3">}</Line>
			</Report>
		</File>
		<File Name="func.cpp" FullPath="./func_96/func.cpp">
			<Report>
				<Line Number="0" Count="-1">#include "func.hpp"</Line>
				<Line Number="1" Count="-1"></Line>
				<Line Number="2" Count="-1">#include &lt;iostream&gt;</Line>
				<Line Number="3" Count="-1"></Line>
				<Line Number="4" Count="1">void func_96()</Line>
				<Line Number="5" Count="-1">{</Line>
				<Line Number="6" Count="1">  std::cout &lt;&lt; 96 &lt;&lt; std::endl;</Line>
				<Line Number="7" Count="4">}</Line>
			</Report>
		</File>
		<File Name="func.cpp" FullPath="./func_97/func.cpp">
			<Report>
				<Line Number="0" Count="-1">#include "func.hpp"</Line>
				<Line Number="1" Count="-1"></Line>
				<Line Number="2" Count="-1">#include &lt;iostream&gt;</Line>
				<Line Number="3" Count="-1"></Line>
				<Line Number="4" Count="0">void func_97()</Line>
				<Line Number="5" Count="-1">{</Line>
				<Line Number="6" Count="0">  std::cout &lt;&lt; 97 &lt;&lt; std::endl;</Line>
				<Line Number="7" Count="3">}</Line>
			</Report>
		</File>
		<File Name="func.cpp" FullPath="./func_98/func.cpp">
			<Report>
				<Line Number="0" Count="-1">#include "func.hpp"</Line>
				<Line Number="1" Count="-1"></Line>
				<Line Number="2" Count="-1">#include &lt;iostream&gt;</Line>
				<Line Number="3" Count="-1"></Line>
				<Line Number="4" Count="1">void func_98()</Line>
				<Line Number="5" Count="-1">{</Line>
				<Line Number="6" Count="1">  std::cout &lt;&lt; 98 &lt;&lt; std::endl;</Line>
				<Line Number="7" Count="4">}</Line>
			</Report>
		</File>
		<EndDateTime>Jan 22 15:22 EST</EndDateTime>
		<EndTime>1516652576</EndTime>
	</CoverageLog>
</Site>
