[<NA> <NA>] cdash.DEBUG: simpletest@<NA> {"function":"TESTING: EMAIL","build_id":"<NA>","pid":<NA>} 
[<NA> <NA>] cdash.DEBUG: FAILED (t=4): EmailProjectExample - Win32-MSVC2009 - Nightly {"function":"TESTING: EMAILTITLE","build_id":"<NA>","pid":<NA>} 
[<NA> <NA>] cdash.DEBUG: A submission to CDash for the project EmailProjectExample has failing tests.
You have been identified as one of the authors who have checked in changes that are part of this submission or you are listed in the default contact list.

Details on the submission can be found at http://<NA>/buildSummary.php?buildid=<NA>

Project: EmailProjectExample
Site: Dash20.kitware
Build Name: Win32-MSVC2009
Build Time: 2009-02-23T05:02:05 EST
Type: Nightly
Tests not passing: 4


*Tests failing*
curl | Completed | (http://<NA>/testDetails.php?test=<NA>&build=<NA>)
DashboardSendTest | Completed (OTHER_FAULT) | (http://<NA>/testDetails.php?test=<NA>&build=<NA>)
StringActionsTest | Completed (OTHER_FAULT) | (http://<NA>/testDetails.php?test=<NA>&build=<NA>)
MathActionsTest | Completed (OTHER_FAULT) | (http://<NA>/testDetails.php?test=<NA>&build=<NA>)


-CDash on <NA>
 {"function":"TESTING: EMAILBODY","build_id":"<NA>","pid":<NA>} 
[<NA> <NA>] cdash.DEBUG: user1@kw {"function":"TESTING: EMAIL","build_id":"<NA>","pid":<NA>} 
[<NA> <NA>] cdash.DEBUG: FAILED (t=4): EmailProjectExample - Win32-MSVC2009 - Nightly {"function":"TESTING: EMAILTITLE","build_id":"<NA>","pid":<NA>} 
[<NA> <NA>] cdash.DEBUG: A submission to CDash for the project EmailProjectExample has failing tests.
You have been identified as one of the authors who have checked in changes that are part of this submission or you are listed in the default contact list.

Details on the submission can be found at http://<NA>/buildSummary.php?buildid=<NA>

Project: EmailProjectExample
Site: Dash20.kitware
Build Name: Win32-MSVC2009
Build Time: 2009-02-23T05:02:05 EST
Type: Nightly
Tests not passing: 4


*Tests failing*
curl | Completed | (http://<NA>/testDetails.php?test=<NA>&build=<NA>)
DashboardSendTest | Completed (OTHER_FAULT) | (http://<NA>/testDetails.php?test=<NA>&build=<NA>)
StringActionsTest | Completed (OTHER_FAULT) | (http://<NA>/testDetails.php?test=<NA>&build=<NA>)
MathActionsTest | Completed (OTHER_FAULT) | (http://<NA>/testDetails.php?test=<NA>&build=<NA>)


-CDash on <NA>
 {"function":"TESTING: EMAILBODY","build_id":"<NA>","pid":<NA>} 
