<?xml version="1.0" encoding="UTF-8"?>
<Site BuildName="dummy_test_name"
  BuildStamp="dummy_stamp"
  Name="dummy_name"
  Generator="dummy_generator"
	>
	<Coverage>
		<StartDateTime>Apr 01 09:08 EDT</StartDateTime>
		<StartTime>1775048902</StartTime>
		<File Name="hello.cxx" FullPath="./hello.cxx" Covered="true">
			<LOCTested>13</LOCTested>
			<LOCUnTested>5</LOCUnTested>
			<BranchesTested>3</BranchesTested>
			<BranchesUnTested>1</BranchesUnTested>
			<PercentCoverage>72.22</PercentCoverage>
			<CoverageMetric>0.82</CoverageMetric>
		</File>
		<LOCTested>13</LOCTested>
		<LOCUntested>5</LOCUntested>
		<LOC>18</LOC>
		<PercentCoverage>72.22</PercentCoverage>
		<EndDateTime>Apr 01 09:08 EDT</EndDateTime>
		<EndTime>1775048903</EndTime>
		<ElapsedMinutes>0</ElapsedMinutes>
	</Coverage>
</Site>
