<?xml version="1.0" encoding="UTF-8"?>
<Site BuildName="test_PR_comment"
	BuildStamp="20150812-1448-Experimental"
	Name="elysium"
	Generator="ctest-3.3.20150717-ga5412"
	CompilerName=""
	OSName="Linux"
	Hostname="elysium"
	OSRelease="3.13.0-61-generic"
	OSVersion="#100-Ubuntu SMP Wed Jul 29 11:21:34 UTC 2015"
	OSPlatform="x86_64"
	Is64Bits="1"
	VendorString="GenuineIntel"
	VendorID="Intel Corporation"
	FamilyID="6"
	ModelID="45"
	ProcessorCacheSize="12288"
	NumberOfLogicalCPU="12"
	NumberOfPhysicalCPU="1"
	TotalVirtualMemory="32690"
	TotalPhysicalMemory="32100"
	LogicalProcessorsPerPhysical="12"
	ProcessorClockFrequency="1200"
	ChangeId="80"
	>
	<Build>
		<StartDateTime>Aug 12 10:48 EDT</StartDateTime>
		<StartBuildTime>1439390906</StartBuildTime>
		<BuildCommand>/opt/cmake/bin/cmake --build . --config "Debug" -- -i</BuildCommand>
		<Error>
			<BuildLogLine>4</BuildLogLine>
			<Text>/.../src/foo.cxx:3:3: error: ‘foo’ was not declared in this scope</Text>
			<SourceFile>foo.cxx</SourceFile>
			<SourceLineNumber>3</SourceLineNumber>
			<PreContext>Scanning dependencies of target foo
[ 50%] Building CXX object CMakeFiles/foo.dir/foo.cxx.o
/.../src/foo.cxx: In function ‘int main(int, char**)’:
</PreContext>
			<PostContext>   foo = asdf;
   ^
</PostContext>
			<RepeatCount>0</RepeatCount>
		</Error>
		<Error>
			<BuildLogLine>7</BuildLogLine>
			<Text>/.../src/foo.cxx:3:9: error: ‘asdf’ was not declared in this scope</Text>
			<SourceFile>foo.cxx</SourceFile>
			<SourceLineNumber>3</SourceLineNumber>
			<PreContext></PreContext>
			<PostContext>   foo = asdf;
         ^
[100%] Linking CXX executable foo
</PostContext>
			<RepeatCount>0</RepeatCount>
		</Error>
		<Error>
			<BuildLogLine>11</BuildLogLine>
			<Text>c++: error: CMakeFiles/foo.dir/foo.cxx.o: No such file or directory</Text>
			<PreContext></PreContext>
			<PostContext>[100%] Built target foo
</PostContext>
			<RepeatCount>0</RepeatCount>
		</Error>
		<Log Encoding="base64" Compression="bin/gzip"/>
		<EndDateTime>Aug 12 10:48 EDT</EndDateTime>
		<EndBuildTime>1439390906</EndBuildTime>
		<ElapsedMinutes>0</ElapsedMinutes>
	</Build>
</Site>
