<?xml version="1.0" encoding="UTF-8"?>
<Site BuildName="subproject_coverage_example"
	BuildStamp="20160209-1908-Nightly"
	Name="localhost"
	Generator="ctest-3.4.20160121-g750ae8-dirty"
	CompilerName=""
	CompilerVersion=""
	OSName="Linux"
	Hostname="elysium"
	OSRelease="3.13.0-77-generic"
	OSVersion="#121-Ubuntu SMP Wed Jan 20 10:50:42 UTC 2016"
	OSPlatform="x86_64"
	Is64Bits="1"
	VendorString="GenuineIntel"
	VendorID="Intel Corporation"
	FamilyID="6"
	ModelID="45"
	ProcessorCacheSize="12288"
	NumberOfLogicalCPU="12"
	NumberOfPhysicalCPU="1"
	TotalVirtualMemory="32690"
	TotalPhysicalMemory="32100"
	LogicalProcessorsPerPhysical="12"
	ProcessorClockFrequency="1200"
	>
	<Subproject name="MyThirdPartyDependency"/>
	<Labels>
		<Label>MyThirdPartyDependency</Label>
	</Labels>
	<Build>
		<StartDateTime>Feb 09 14:08 EST</StartDateTime>
		<StartBuildTime>1455044903</StartBuildTime>
		<BuildCommand>/opt/cmake/bin/cmake --build . --config "Debug" -- -i</BuildCommand>
		<Log Encoding="base64" Compression="bin/gzip"/>
		<EndDateTime>Feb 09 14:08 EST</EndDateTime>
		<EndBuildTime>1455044904</EndBuildTime>
		<ElapsedMinutes>0</ElapsedMinutes>
	</Build>
</Site>
