<?xml version="1.0" encoding="UTF-8"?>
<Site BuildName="debug_coverage"
	BuildStamp="20160216-0105-Nightly"
	Name="localhost"
	Generator="ctest-3.5.20160210-g06204"
	CompilerName=""
	CompilerVersion=""
	OSName="Linux"
	Hostname="elysium"
	OSRelease="3.13.0-77-generic"
	OSVersion="#121-Ubuntu SMP Wed Jan 20 10:50:42 UTC 2016"
	OSPlatform="x86_64"
	Is64Bits="1"
	VendorString="GenuineIntel"
	VendorID="Intel Corporation"
	FamilyID="6"
	ModelID="45"
	ProcessorCacheSize="12288"
	NumberOfLogicalCPU="12"
	NumberOfPhysicalCPU="1"
	TotalVirtualMemory="32690"
	TotalPhysicalMemory="32100"
	LogicalProcessorsPerPhysical="12"
	ProcessorClockFrequency="1200.00"
	>
    <Subproject name="MyProductionCode"/>
    <Labels>
        <Label>MyProductionCode</Label>
    </Labels>
	<Coverage>
		<StartDateTime>Feb 16 11:02 EST</StartDateTime>
		<StartTime>1455638576</StartTime>
		<File Name="bar.cxx" FullPath="./bar.cxx" Covered="true">
			<LOCTested>5</LOCTested>
			<LOCUnTested>3</LOCUnTested>
			<PercentCoverage>62.50</PercentCoverage>
			<CoverageMetric>0.83</CoverageMetric>
		</File>
		<File Name="foo.cxx" FullPath="./foo.cxx" Covered="true">
			<LOCTested>5</LOCTested>
			<LOCUnTested>3</LOCUnTested>
			<PercentCoverage>62.50</PercentCoverage>
			<CoverageMetric>0.83</CoverageMetric>
		</File>
		<LOCTested>10</LOCTested>
		<LOCUntested>6</LOCUntested>
		<LOC>16</LOC>
		<PercentCoverage>62.50</PercentCoverage>
		<EndDateTime>Feb 16 11:02 EST</EndDateTime>
		<EndTime>1455638576</EndTime>
		<ElapsedMinutes>0.00</ElapsedMinutes>
	</Coverage>
</Site>
