<?xml version="1.0" encoding="UTF-8"?>
<Site BuildName="CTestTest-Linux-c++-Subprojects"
        BuildStamp="20160728-1932-Experimental"
        Name="livonia-linux"
        Generator="ctest-3.6.20160726-g3e55f-dirty"
        CompilerName=""
        CompilerVersion=""
        OSName="Linux"
        Hostname="livonia-linux"
        OSRelease="3.13.0-35-generic"
        OSVersion="#62-Ubuntu SMP Fri Aug 15 01:58:42 UTC 2014"
        OSPlatform="x86_64"
        Is64Bits="1"
        VendorString="GenuineIntel"
        VendorID="Intel Corporation"
        FamilyID="6"
        ModelID="69"
        ProcessorCacheSize="4096"
        NumberOfLogicalCPU="4"
        NumberOfPhysicalCPU="1"
        TotalVirtualMemory="7627"
        TotalPhysicalMemory="7890"
        LogicalProcessorsPerPhysical="4"
        ProcessorClockFrequency="756"
        >
	<Coverage>
		<StartDateTime>Jul 28 15:32 EDT</StartDateTime>
		<StartTime>1469734335</StartTime>
		<File Name="experimental.c" FullPath="./MyExperimentalFeature/experimental.c" Covered="true">
			<LOCTested>7</LOCTested>
			<LOCUnTested>3</LOCUnTested>
			<PercentCoverage>70.00</PercentCoverage>
			<CoverageMetric>0.85</CoverageMetric>
			<Labels>
				<Label>MyExperimentalFeature</Label>
				<Label>NotASubproject</Label>
			</Labels>
		</File>
		<File Name="production.c" FullPath="./MyProductionCode/production.c" Covered="true">
			<LOCTested>7</LOCTested>
			<LOCUnTested>3</LOCUnTested>
			<PercentCoverage>70.00</PercentCoverage>
			<CoverageMetric>0.85</CoverageMetric>
			<Labels>
				<Label>NotASubproject</Label>
				<Label>MyProductionCode</Label>
			</Labels>
		</File>
		<LOCTested>14</LOCTested>
		<LOCUntested>6</LOCUntested>
		<LOC>20</LOC>
		<PercentCoverage>70.00</PercentCoverage>
		<EndDateTime>Jul 28 15:32 EDT</EndDateTime>
		<EndTime>1469734335</EndTime>
		<ElapsedMinutes>0.00</ElapsedMinutes>
	</Coverage>
</Site>
