<?xml version="1.0" encoding="UTF-8"?>
<Site BuildName="dummy_test_name"
  BuildStamp="dummy_stamp"
  Name="dummy_name"
  Generator="dummy_generator"
	>
	<CoverageLog>
		<StartDateTime>Apr 01 09:08 EDT</StartDateTime>
		<StartTime>1775048903</StartTime>
		<File Name="hello.cxx" FullPath="./hello.cxx">
			<Report>
				<Line Number="3" Count="66" BranchesTested="2" BranchesUntested="0"> for (int i =0; i &lt; times; i++) {</Line>
				<Line Number="18" Count="11" BranchesTested="1" BranchesUntested="1">   if(false)</Line>
			</Report>
		</File>
		<EndDateTime>Apr 01 09:08 EDT</EndDateTime>
		<EndTime>1775048903</EndTime>
	</CoverageLog>
</Site>
