{"id":{"started":{}},"children":[{"progress":{}},{"unstructuredCommandLine":{}},{"structuredCommandLine":{"commandLineLabel":"original"}},{"structuredCommandLine":{"commandLineLabel":"canonical"}},{"structuredCommandLine":{"commandLineLabel":"tool"}},{"optionsParsed":{}},{"workspaceStatus":{}},{"pattern":{"pattern":["..."]}},{"buildFinished":{}}],"started":{"uuid":"90e8c3b9-4c4e-478b-b871-d3ebd13828aa","startTimeMillis":"1524771075108","buildToolVersion":"0.12.0","optionsDescription":"--crosstool_top=//tools/cc_toolchain:default-toolchain --compilation_mode=opt --force_pic --strip=never --strict_system_includes --action_env=PATH --action_env=LD_LIBRARY_PATH --action_env=TMPDIR --test_env=PATH --test_env=LD_LIBRARY_PATH --test_output=errors --test_summary=terse --test_tag_filters=-gurobi,-mosek,-snopt --test_env=DISPLAY --test_env=GRB_LICENSE_FILE --test_env=MOSEKLM_LICENSE_FILE --keep_going --action_env=GIT_SSH --announce_rc --compilation_mode=opt --compiler=gcc-5 --jobs=12 --test_summary=short --build_event_json_file=/home/ubuntu/workspace/linux-xenial-gcc-bazel-experimental/_bazel_ubuntu/BUILD.JSON","command":"test","workingDirectory":"/home/ubuntu/workspace/linux-xenial-gcc-bazel-experimental/src","workspaceDirectory":"/home/ubuntu/workspace/linux-xenial-gcc-bazel-experimental/src"}}
{"id":{"progress":{"opaqueCount":37}},"children":[{"progress":{"opaqueCount":38}},{"namedSet":{"id":"0"}}],"progress":{"stderr":"INFO: Analysed 8679 targets (304 packages loaded).\r\nBuilding: no action\r\nINFO: Found 2378 targets and 6301 test targets...\r\n[0 / 5] [-----] Expanding template math/_isolated/barycentric_cpplint\r\n"}}
{"id":{"progress":{"opaqueCount":40}},"children":[{"progress":{"opaqueCount":41}},{"namedSet":{"id":"3"}}],"progress":{"stderr":"ERROR: /home/ubuntu/workspace/linux-xenial-gcc-bazel-experimental/src/multibody/benchmarks/kuka_iiwa_robot/BUILD.bazel:25:1: Couldn't build file multibody/benchmarks/kuka_iiwa_robot/_objs/make_kuka_iiwa_model/multibody/benchmarks/kuka_iiwa_robot/make_kuka_iiwa_model.pic.o: C++ compilation of rule '//multibody/benchmarks/kuka_iiwa_robot:make_kuka_iiwa_model' failed (Exit 1)\r\nmultibody/benchmarks/kuka_iiwa_robot/make_kuka_iiwa_model.cc: In static member function 'static const drake::multibody::RevoluteJoint<T>& drake::multibody::benchmarks::kuka_iiwa_robot::internal::KukaIiwaModelBuilder<T>::AddRevoluteJointFromSpaceXYZAnglesAndXYZ(const string&, const drake::multibody::Body<T>&, drake::Vector3<double>&, drake::Vector3<double>&, const drake::multibody::Body<T>&, drake::Vector3<double>&, drake::multibody::MultibodyTree<T>*)':\nmultibody/benchmarks/kuka_iiwa_robot/make_kuka_iiwa_model.cc:55:15: error: 'RotationMatrix' in namespace 'drake::math' does not name a template type\n   const math::RotationMatrix<double> R_AAb(rpy);\n               ^\nmultibody/benchmarks/kuka_iiwa_robot/make_kuka_iiwa_model.cc:56:50: error: 'R_AAb' was not declared in this scope\n   const Eigen::Isometry3d X_AAb = MakeIsometry3d(R_AAb.matrix(), xyzA);\n                                                  ^\n[2,056 / 2,927] 2 / 6301 tests; Compiling systems/framework/diagram_builder.cc; 26s linux-sandbox ... (12 actions running)\r\n[2,108 / 2,927] 2 / 6301 tests; Compiling systems/primitives/sine.cc; 19s linux-sandbox ... (12 actions running)\r\n"}}
{"id":{"buildFinished":{}},"children":[{"buildToolLogs":{}}],"finished":{"finishTimeMillis":"1524773001025","exitCode":{"name":"BUILD_FAILURE","code":1}}}
{"id":{"buildToolLogs":{}},"buildToolLogs":{"log":[{"name":"elapsed time","contents":"MTkyNS45MTcwMDA="},{"name":"critical path","contents":"Q3JpdGljYWwgUGF0aDogMTY3Ljk2cwogIDAuMTJzIGFjdGlvbiAnRXhlY3V0aW5nIGdlbnJ1bGUgLy9leGFtcGxlcy9kb3VibGVfcGVuZHVsdW06ZG91YmxlX3BlbmR1bHVtX2RlbW9fZHN5bScKICAxLjc2cyBhY3Rpb24gJ0xpbmtpbmcgZXhhbXBsZXMvZG91YmxlX3BlbmR1bHVtL2RvdWJsZV9wZW5kdWx1bV9kZW1vJwogIDE1Ni41OXMgYWN0aW9uICdDb21waWxpbmcgZXhhbXBsZXMvZG91YmxlX3BlbmR1bHVtL2RvdWJsZV9wZW5kdWx1bV9kZW1vLmNjJwogIDAuMDBzIG51bGwgZm9yIC8vZXhhbXBsZXMvZG91YmxlX3BlbmR1bHVtOmRvdWJsZV9wZW5kdWx1bV9kZW1vCiAgMC4wMHMgbnVsbCBmb3IgLy9tdWx0aWJvZHkvcmlnaWRfYm9keV9wbGFudDpkcmFrZV92aXN1YWxpemVyCiAgMC4wMHMgbnVsbCBmb3IgLy9tdWx0aWJvZHkvcmlnaWRfYm9keV9wbGFudDpjcmVhdGVfbG9hZF9yb2JvdF9tZXNzYWdlCiAgMC4wMHMgbnVsbCBmb3IgLy9zeXN0ZW1zL3JlbmRlcmluZzpkcmFrZV92aXN1YWxpemVyX2NsaWVudAogIDAuMDBzIG51bGwgZm9yIC8vbGNtdHlwZXM6dmlld2VyCiAgMC4wMHMgYWN0aW9uICdTeW1saW5raW5nIHZpcnR1YWwgaGVhZGVycyBmb3IgLy9sY210eXBlczp2aWV3ZXInCiAgMC4xMXMgYWN0aW9uICdTa3lsYXJrQWN0aW9uIGxjbXR5cGVzL2RyYWtlL2xjbXRfdmlld2VyX2NvbW1hbmQuaHBwJwogIDAuMDBzIHJ1bmZpbGVzIGZvciBAbGNtLy86bGNtLWdlbgogIDguMjJzIGFjdGlvbiAnTGlua2luZyBleHRlcm5hbC9sY20vbGNtLWdlbiBbZm9yIGhvc3RdJwogIDAuMDBzIGFjdGlvbiAnU29saWJTeW1saW5rIF9zb2xpYl9rOC9fVUBsY21fU19TX0NsY21fX19VZXh0ZXJuYWxfU2xjbS9saWJkcmFrZV9sY20uc28nCiAgMC40MHMgYWN0aW9uICdMaW5raW5nIGV4dGVybmFsL2xjbS9saWJkcmFrZV9sY20uc28gW2ZvciBob3N0XScKICAwLjc3cyBhY3Rpb24gJ0NvbXBpbGluZyBleHRlcm5hbC9sY20vbGNtL2xjbV9tcHVkcG0uYyBbZm9yIGhvc3RdJwogIDAuMDBzIG51bGwgZm9yIEBsY20vLzpsaWJkcmFrZV9sY20uc28KICAwLjAwcyBhY3Rpb24gJ1dyaXRpbmcgZmlsZSBleHRlcm5hbC9sY20vbGNtL2xjbV9leHBvcnQuaCBbZm9yIGhvc3RdJw=="}]}}
{"id":{"progress":{"opaqueCount":12548}},"progress":{"stdout":"//util:bazel_codestyle                                                   PASSED in 0.1s\n//util:everything_cpplint                                                PASSED in 0.7s\n//util:everything_drakelint                                              PASSED in 0.2s\n//util:lcm_util_cpplint                                                  PASSED in 0.2s\n//util:lcm_util_drakelint                                                PASSED in 0.1s\n//util:library_lint                                                      PASSED in 0.2s\n//util:testDrakeGeometryUtil                                             PASSED in 0.1s\n//util:testDrakeGeometryUtil_cpplint                                     PASSED in 0.2s\n//util:testDrakeGeometryUtil_drakelint                                   PASSED in 0.1s\n//common/proto:call_python_full_test                                      FLAKY, failed in 1 out of 2 in 21.9s\n  Stats over 2 runs: max = 21.9s, min = 8.8s, avg = 15.3s, dev = 6.5s\n  /home/ubuntu/workspace/linux-xenial-gcc-bazel-experimental/_bazel_ubuntu/7d79f863c59b67ba7a1ab1641300f288/execroot/drake/bazel-out/k8-opt/testlogs/common/proto/call_python_full_test/test_attempts/attempt_1.log\n\nExecuted 6224 out of 6301 tests: 6224 tests pass and 77 fail to build.\nThere were tests whose specified size is too big. Use the --test_verbose_timeout_warnings command line option to see which ones these are.\n"},"lastMessage":true}
